TN:
SF:src\app.js
FN:44,(anonymous_0)
FN:54,(anonymous_1)
FN:87,(anonymous_2)
FN:106,(anonymous_3)
FN:124,(anonymous_4)
FN:129,(anonymous_5)
FNF:6
FNH:1
FNDA:0,(anonymous_0)
FNDA:0,(anonymous_1)
FNDA:0,(anonymous_2)
FNDA:0,(anonymous_3)
FNDA:0,(anonymous_4)
FNDA:14,(anonymous_5)
DA:1,4
DA:2,4
DA:3,4
DA:4,4
DA:5,4
DA:7,4
DA:8,4
DA:9,4
DA:10,4
DA:11,4
DA:12,4
DA:13,4
DA:14,4
DA:15,4
DA:16,4
DA:17,4
DA:20,4
DA:21,0
DA:24,4
DA:25,4
DA:26,4
DA:29,4
DA:30,4
DA:31,4
DA:32,4
DA:33,4
DA:34,4
DA:35,4
DA:36,4
DA:37,4
DA:38,4
DA:39,4
DA:44,4
DA:45,0
DA:51,4
DA:52,4
DA:54,4
DA:55,0
DA:56,0
DA:58,0
DA:67,0
DA:68,0
DA:71,0
DA:72,0
DA:75,0
DA:76,0
DA:79,0
DA:80,0
DA:87,0
DA:89,0
DA:90,0
DA:92,0
DA:96,0
DA:97,0
DA:100,0
DA:106,0
DA:107,0
DA:110,0
DA:112,0
DA:113,0
DA:118,4
DA:121,4
DA:124,4
DA:125,0
DA:129,4
DA:130,14
DA:131,14
DA:136,4
LF:68
LH:42
BRDA:20,0,0,0
BRDA:20,0,1,4
BRDA:52,1,0,4
BRDA:52,1,1,0
BRDA:67,2,0,0
BRDA:67,2,1,0
BRDA:67,3,0,0
BRDA:67,3,1,0
BRDA:71,4,0,0
BRDA:71,4,1,0
BRDA:79,5,0,0
BRDA:79,5,1,0
BRDA:89,6,0,0
BRDA:89,6,1,0
BRDA:96,7,0,0
BRDA:96,7,1,0
BRDA:96,8,0,0
BRDA:96,8,1,0
BRDA:106,9,0,0
BRDA:106,9,1,0
BRDA:106,10,0,0
BRDA:106,10,1,0
BRDA:131,11,0,14
BRDA:131,11,1,3
BRDA:132,12,0,14
BRDA:132,12,1,0
BRF:26
BRH:5
end_of_record
TN:
SF:src\controllers\analytics.controller.js
FN:8,getUserFromCookie
FN:18,resolveCcaId
FN:28,getMyCca
FN:44,getOverview
FN:73,getSignupTrend
FN:85,getAttendanceBreakdown
FN:100,getTopEventsBySignups
FNF:7
FNH:7
FNDA:12,getUserFromCookie
FNDA:9,resolveCcaId
FNDA:3,getMyCca
FNDA:3,getOverview
FNDA:2,getSignupTrend
FNDA:2,getAttendanceBreakdown
FNDA:2,getTopEventsBySignups
DA:2,5
DA:3,5
DA:5,5
DA:9,12
DA:10,12
DA:11,11
DA:12,11
DA:14,0
DA:19,9
DA:20,9
DA:21,9
DA:22,9
DA:23,9
DA:24,9
DA:29,3
DA:30,3
DA:31,3
DA:33,2
DA:34,2
DA:36,1
DA:37,1
DA:39,0
DA:40,0
DA:45,3
DA:46,3
DA:49,3
DA:57,3
DA:59,3
DA:68,0
DA:69,0
DA:74,2
DA:75,2
DA:76,2
DA:77,2
DA:78,2
DA:80,0
DA:81,0
DA:86,2
DA:87,2
DA:88,2
DA:92,2
DA:93,2
DA:95,0
DA:96,0
DA:101,2
DA:102,2
DA:103,2
DA:104,2
DA:105,2
DA:107,0
DA:108,0
DA:112,5
LF:52
LH:41
BRDA:5,0,0,5
BRDA:5,0,1,1
BRDA:10,1,0,1
BRDA:10,1,1,11
BRDA:19,2,0,0
BRDA:19,2,1,9
BRDA:21,3,0,0
BRDA:21,3,1,9
BRDA:23,4,0,0
BRDA:23,4,1,9
BRDA:31,5,0,1
BRDA:31,5,1,2
BRDA:34,6,0,1
BRDA:34,6,1,1
BRDA:37,7,0,1
BRDA:37,7,1,0
BRDA:40,8,0,0
BRDA:40,8,1,0
BRDA:40,9,0,0
BRDA:40,9,1,0
BRDA:57,10,0,2
BRDA:57,10,1,1
BRDA:69,11,0,0
BRDA:69,11,1,0
BRDA:69,12,0,0
BRDA:69,12,1,0
BRDA:76,13,0,2
BRDA:76,13,1,2
BRDA:81,14,0,0
BRDA:81,14,1,0
BRDA:81,15,0,0
BRDA:81,15,1,0
BRDA:96,16,0,0
BRDA:96,16,1,0
BRDA:96,17,0,0
BRDA:96,17,1,0
BRDA:103,18,0,2
BRDA:103,18,1,2
BRDA:108,19,0,0
BRDA:108,19,1,0
BRDA:108,20,0,0
BRDA:108,20,1,0
BRF:42
BRH:18
end_of_record
TN:
SF:src\controllers\attendance.controller.js
FN:5,(anonymous_0)
FNF:1
FNH:1
FNDA:3,(anonymous_0)
DA:1,5
DA:2,5
DA:3,5
DA:5,5
DA:6,3
DA:9,3
DA:10,3
DA:12,3
DA:13,2
DA:14,2
DA:15,2
DA:21,3
DA:22,1
DA:27,2
DA:28,2
DA:31,1
DA:37,1
DA:38,0
DA:39,0
DA:42,1
DA:45,1
DA:46,0
DA:50,1
DA:51,1
DA:52,1
DA:55,1
DA:56,1
DA:60,0
DA:61,0
DA:65,0
DA:72,0
DA:73,0
DA:74,0
DA:77,0
DA:78,0
DA:84,0
DA:92,0
DA:93,0
DA:94,0
DA:97,0
DA:98,0
DA:106,0
DA:117,0
DA:118,0
DA:119,0
DA:122,0
DA:130,0
DA:131,0
LF:48
LH:24
BRDA:10,0,0,3
BRDA:10,0,1,3
BRDA:12,1,0,2
BRDA:12,1,1,1
BRDA:21,2,0,1
BRDA:21,2,1,2
BRDA:28,3,0,1
BRDA:28,3,1,1
BRDA:37,4,0,0
BRDA:37,4,1,1
BRDA:42,5,0,1
BRDA:42,5,1,0
BRDA:42,6,0,1
BRDA:42,6,1,1
BRDA:45,7,0,0
BRDA:45,7,1,1
BRDA:55,8,0,1
BRDA:55,8,1,0
BRDA:60,9,0,0
BRDA:60,9,1,0
BRDA:72,10,0,0
BRDA:72,10,1,0
BRDA:77,11,0,0
BRDA:77,11,1,0
BRDA:77,12,0,0
BRDA:77,12,1,0
BRDA:92,13,0,0
BRDA:92,13,1,0
BRDA:97,14,0,0
BRDA:97,14,1,0
BRDA:97,15,0,0
BRDA:97,15,1,0
BRDA:117,16,0,0
BRDA:117,16,1,0
BRF:34
BRH:14
end_of_record
TN:
SF:src\controllers\auth.controller.js
FN:19,register
FN:140,listCcas
FN:154,login
FN:196,logout
FN:205,getCurrentUser
FN:222,getUserProfile
FNF:6
FNH:5
FNDA:10,register
FNDA:2,listCcas
FNDA:4,login
FNDA:1,logout
FNDA:3,getCurrentUser
FNDA:0,getUserProfile
DA:1,5
DA:2,5
DA:9,5
DA:11,5
DA:13,5
DA:20,10
DA:31,10
DA:33,10
DA:34,1
DA:39,9
DA:40,7
DA:41,1
DA:44,8
DA:45,1
DA:48,7
DA:49,1
DA:51,6
DA:52,1
DA:55,5
DA:56,2
DA:57,1
DA:60,1
DA:66,1
DA:67,0
DA:69,1
DA:71,1
DA:75,3
DA:76,2
DA:77,1
DA:80,1
DA:86,1
DA:89,1
DA:90,1
DA:95,1
DA:98,1
DA:107,1
DA:110,1
DA:112,0
DA:113,0
DA:114,0
DA:116,0
DA:124,0
DA:125,0
DA:128,1
DA:130,1
DA:132,0
DA:141,2
DA:145,2
DA:147,1
DA:155,4
DA:156,4
DA:158,4
DA:162,4
DA:164,3
DA:165,3
DA:167,2
DA:177,2
DA:184,2
DA:186,2
DA:188,0
DA:197,1
DA:198,1
DA:206,3
DA:207,3
DA:208,3
DA:210,2
DA:212,1
DA:214,1
DA:223,0
DA:224,0
DA:225,0
DA:227,0
DA:228,0
DA:230,0
DA:232,0
DA:234,0
DA:236,0
DA:240,5
LF:78
LH:60
BRDA:33,0,0,1
BRDA:33,0,1,9
BRDA:33,1,0,10
BRDA:33,1,1,10
BRDA:33,1,2,9
BRDA:33,1,3,9
BRDA:33,1,4,9
BRDA:39,2,0,7
BRDA:39,2,1,2
BRDA:40,3,0,1
BRDA:40,3,1,6
BRDA:44,4,0,1
BRDA:44,4,1,7
BRDA:48,5,0,1
BRDA:48,5,1,6
BRDA:51,6,0,1
BRDA:51,6,1,5
BRDA:55,7,0,2
BRDA:55,7,1,3
BRDA:56,8,0,1
BRDA:56,8,1,1
BRDA:56,9,0,2
BRDA:56,9,1,1
BRDA:66,10,0,0
BRDA:66,10,1,1
BRDA:66,11,0,1
BRDA:66,11,1,1
BRDA:69,12,0,1
BRDA:69,12,1,0
BRDA:75,13,0,2
BRDA:75,13,1,1
BRDA:76,14,0,1
BRDA:76,14,1,1
BRDA:76,15,0,2
BRDA:76,15,1,1
BRDA:86,16,0,0
BRDA:86,16,1,1
BRDA:86,17,0,1
BRDA:86,17,1,1
BRDA:89,18,0,1
BRDA:89,18,1,0
BRDA:107,19,0,0
BRDA:107,19,1,1
BRDA:110,20,0,0
BRDA:110,20,1,1
BRDA:113,21,0,0
BRDA:113,21,1,0
BRDA:114,22,0,0
BRDA:114,22,1,0
BRDA:124,23,0,0
BRDA:124,23,1,0
BRDA:145,24,0,1
BRDA:145,24,1,1
BRDA:158,25,0,4
BRDA:158,25,1,0
BRDA:162,26,0,1
BRDA:162,26,1,3
BRDA:165,27,0,1
BRDA:165,27,1,2
BRDA:208,28,0,1
BRDA:208,28,1,2
BRDA:225,29,0,0
BRDA:225,29,1,0
BRDA:230,30,0,0
BRDA:230,30,1,0
BRF:65
BRH:48
end_of_record
TN:
SF:src\controllers\chatbot.controller.js
FN:3,chatWithGemini
FNF:1
FNH:1
FNDA:8,chatWithGemini
DA:1,5
DA:4,8
DA:5,8
DA:7,8
DA:8,3
DA:11,5
DA:12,5
DA:14,0
DA:15,0
DA:19,5
LF:10
LH:8
BRDA:7,0,0,3
BRDA:7,0,1,5
BRF:2
BRH:2
end_of_record
TN:
SF:src\controllers\engagement.controller.js
FN:7,getUserFromCookie
FN:18,(anonymous_1)
FN:45,(anonymous_2)
FNF:3
FNH:3
FNDA:7,getUserFromCookie
FNDA:4,(anonymous_1)
FNDA:3,(anonymous_2)
DA:2,4
DA:3,4
DA:5,4
DA:8,7
DA:9,7
DA:10,5
DA:11,5
DA:13,1
DA:18,4
DA:19,4
DA:20,4
DA:21,4
DA:22,2
DA:25,2
DA:27,1
DA:37,1
DA:38,1
DA:45,4
DA:46,3
DA:47,3
DA:48,3
DA:49,1
DA:52,2
DA:53,2
DA:58,1
DA:64,1
DA:65,1
LF:27
LH:27
BRDA:5,0,0,4
BRDA:5,0,1,0
BRDA:9,1,0,2
BRDA:9,1,1,5
BRDA:21,2,0,2
BRDA:21,2,1,2
BRDA:48,3,0,1
BRDA:48,3,1,2
BRDA:52,4,0,2
BRDA:52,4,1,0
BRF:10
BRH:8
end_of_record
TN:
SF:src\controllers\event.controller.js
FN:10,getUser
FN:23,(anonymous_1)
FN:92,(anonymous_2)
FN:107,(anonymous_3)
FN:263,(anonymous_4)
FN:285,(anonymous_5)
FN:298,(anonymous_6)
FN:318,(anonymous_7)
FN:358,(anonymous_8)
FN:377,(anonymous_9)
FN:407,(anonymous_10)
FN:425,(anonymous_11)
FN:432,(anonymous_12)
FN:492,(anonymous_13)
FN:529,notifyTeachersOfSubmission
FN:537,(anonymous_15)
FN:547,(anonymous_16)
FN:581,(anonymous_17)
FN:611,(anonymous_18)
FN:626,(anonymous_19)
FN:645,(anonymous_20)
FN:655,(anonymous_21)
FN:661,(anonymous_22)
FN:676,(anonymous_23)
FN:678,(anonymous_24)
FNF:25
FNH:20
FNDA:12,getUser
FNDA:7,(anonymous_1)
FNDA:2,(anonymous_2)
FNDA:0,(anonymous_3)
FNDA:0,(anonymous_4)
FNDA:2,(anonymous_5)
FNDA:2,(anonymous_6)
FNDA:1,(anonymous_7)
FNDA:0,(anonymous_8)
FNDA:3,(anonymous_9)
FNDA:2,(anonymous_10)
FNDA:2,(anonymous_11)
FNDA:2,(anonymous_12)
FNDA:7,(anonymous_13)
FNDA:0,notifyTeachersOfSubmission
FNDA:0,(anonymous_15)
FNDA:3,(anonymous_16)
FNDA:9,(anonymous_17)
FNDA:6,(anonymous_18)
FNDA:5,(anonymous_19)
FNDA:4,(anonymous_20)
FNDA:3,(anonymous_21)
FNDA:4,(anonymous_22)
FNDA:4,(anonymous_23)
FNDA:3,(anonymous_24)
DA:1,7
DA:2,7
DA:3,7
DA:4,7
DA:5,7
DA:6,7
DA:7,7
DA:11,12
DA:12,12
DA:13,11
DA:14,11
DA:16,2
DA:23,7
DA:24,7
DA:32,7
DA:34,7
DA:36,7
DA:42,7
DA:43,7
DA:46,7
DA:49,7
DA:50,7
DA:54,7
DA:55,7
DA:59,7
DA:60,1
DA:61,1
DA:67,7
DA:68,1
DA:69,1
DA:71,6
DA:74,7
DA:76,7
DA:77,1
DA:78,1
DA:81,6
DA:83,0
DA:84,0
DA:92,7
DA:93,2
DA:94,2
DA:100,2
DA:101,1
DA:107,7
DA:108,0
DA:109,0
DA:110,0
DA:111,0
DA:133,0
DA:136,0
DA:138,0
DA:140,0
DA:141,0
DA:143,0
DA:147,0
DA:149,0
DA:152,0
DA:153,0
DA:155,0
DA:159,0
DA:160,0
DA:161,0
DA:162,0
DA:164,0
DA:168,0
DA:170,0
DA:173,0
DA:178,0
DA:182,0
DA:188,0
DA:194,0
DA:195,0
DA:198,0
DA:201,0
DA:208,0
DA:209,0
DA:211,0
DA:215,0
DA:218,0
DA:221,0
DA:248,0
DA:251,0
DA:262,0
DA:263,0
DA:266,0
DA:267,0
DA:271,0
DA:273,0
DA:275,0
DA:276,0
DA:285,7
DA:286,2
DA:287,2
DA:289,2
DA:292,1
DA:298,2
DA:299,1
DA:302,1
DA:309,1
DA:310,1
DA:312,0
DA:313,0
DA:318,7
DA:319,1
DA:320,1
DA:321,1
DA:323,1
DA:324,1
DA:326,1
DA:327,0
DA:330,1
DA:337,1
DA:341,1
DA:345,1
DA:347,1
DA:349,0
DA:350,0
DA:358,7
DA:359,0
DA:360,0
DA:361,0
DA:362,0
DA:363,0
DA:364,0
DA:367,0
DA:368,0
DA:371,0
DA:373,0
DA:377,7
DA:378,3
DA:379,3
DA:380,3
DA:381,1
DA:384,2
DA:389,2
DA:390,1
DA:392,1
DA:395,1
DA:398,1
DA:401,1
DA:403,0
DA:407,7
DA:408,2
DA:409,2
DA:410,2
DA:415,2
DA:416,1
DA:419,1
DA:421,1
DA:425,7
DA:426,2
DA:427,2
DA:428,2
DA:429,1
DA:432,7
DA:433,2
DA:434,2
DA:446,2
DA:449,2
DA:465,2
DA:466,2
DA:467,26
DA:471,2
DA:472,2
DA:477,2
DA:481,1
DA:491,1
DA:492,7
DA:495,1
DA:496,0
DA:502,0
DA:504,0
DA:505,0
DA:510,0
DA:512,0
DA:516,0
DA:520,1
DA:522,0
DA:523,0
DA:530,0
DA:536,0
DA:537,0
DA:538,0
DA:543,0
DA:547,7
DA:548,3
DA:550,3
DA:552,3
DA:557,2
DA:558,1
DA:568,1
DA:576,1
DA:577,1
DA:581,7
DA:582,9
DA:583,9
DA:584,9
DA:587,7
DA:602,7
DA:603,1
DA:604,1
DA:607,6
DA:608,1
DA:611,6
DA:614,5
DA:620,5
DA:621,1
DA:622,1
DA:625,4
DA:626,4
DA:627,5
DA:631,4
DA:637,4
DA:638,1
DA:639,1
DA:643,3
DA:644,3
DA:645,4
DA:647,2
DA:652,2
DA:653,1
DA:655,3
DA:660,3
DA:661,3
DA:662,4
DA:663,4
DA:676,3
DA:677,4
DA:678,4
DA:680,4
DA:681,4
DA:684,4
DA:699,3
DA:701,0
DA:702,0
LF:235
LH:155
BRDA:6,0,0,7
BRDA:6,0,1,3
BRDA:12,1,0,1
BRDA:12,1,1,11
BRDA:26,2,0,6
BRDA:27,3,0,6
BRDA:28,4,0,7
BRDA:30,5,0,6
BRDA:31,6,0,6
BRDA:42,7,0,0
BRDA:42,7,1,7
BRDA:43,8,0,0
BRDA:43,8,1,7
BRDA:46,9,0,0
BRDA:46,9,1,7
BRDA:49,10,0,7
BRDA:49,10,1,0
BRDA:54,11,0,7
BRDA:54,11,1,0
BRDA:59,12,0,1
BRDA:59,12,1,6
BRDA:67,13,0,1
BRDA:67,13,1,6
BRDA:76,14,0,1
BRDA:76,14,1,6
BRDA:81,15,0,6
BRDA:81,15,1,0
BRDA:100,16,0,1
BRDA:100,16,1,1
BRDA:110,17,0,0
BRDA:110,17,1,0
BRDA:110,18,0,0
BRDA:110,18,1,0
BRDA:138,19,0,0
BRDA:138,19,1,0
BRDA:138,20,0,0
BRDA:138,20,1,0
BRDA:147,21,0,0
BRDA:147,21,1,0
BRDA:153,22,0,0
BRDA:153,22,1,0
BRDA:153,23,0,0
BRDA:153,23,1,0
BRDA:160,24,0,0
BRDA:160,24,1,0
BRDA:160,25,0,0
BRDA:160,25,1,0
BRDA:168,26,0,0
BRDA:168,26,1,0
BRDA:208,27,0,0
BRDA:208,27,1,0
BRDA:236,28,0,0
BRDA:236,28,1,0
BRDA:237,29,0,0
BRDA:237,29,1,0
BRDA:239,30,0,0
BRDA:239,30,1,0
BRDA:248,31,0,0
BRDA:248,31,1,0
BRDA:263,32,0,0
BRDA:263,32,1,0
BRDA:266,33,0,0
BRDA:266,33,1,0
BRDA:289,34,0,1
BRDA:289,34,1,1
BRDA:298,35,0,1
BRDA:298,35,1,0
BRDA:299,36,0,0
BRDA:299,36,1,1
BRDA:309,37,0,0
BRDA:309,37,1,1
BRDA:310,38,0,1
BRDA:310,38,1,0
BRDA:321,39,0,0
BRDA:321,39,1,1
BRDA:326,40,0,0
BRDA:326,40,1,1
BRDA:337,41,0,0
BRDA:337,41,1,1
BRDA:341,42,0,1
BRDA:341,42,1,0
BRDA:360,43,0,0
BRDA:360,43,1,0
BRDA:362,44,0,0
BRDA:362,44,1,0
BRDA:367,45,0,0
BRDA:367,45,1,0
BRDA:380,46,0,1
BRDA:380,46,1,2
BRDA:380,47,0,3
BRDA:380,47,1,3
BRDA:389,48,0,1
BRDA:389,48,1,1
BRDA:395,49,0,0
BRDA:395,49,1,1
BRDA:415,50,0,1
BRDA:415,50,1,1
BRDA:428,51,0,1
BRDA:428,51,1,1
BRDA:446,52,0,2
BRDA:446,52,1,0
BRDA:467,53,0,2
BRDA:467,53,1,24
BRDA:471,54,0,2
BRDA:471,54,1,0
BRDA:477,55,0,1
BRDA:477,55,1,1
BRDA:492,56,0,7
BRDA:492,56,1,7
BRDA:495,57,0,0
BRDA:495,57,1,1
BRDA:502,58,0,0
BRDA:502,58,1,0
BRDA:504,59,0,0
BRDA:504,59,1,0
BRDA:510,60,0,0
BRDA:510,60,1,0
BRDA:516,61,0,0
BRDA:516,61,1,0
BRDA:536,62,0,0
BRDA:536,62,1,0
BRDA:536,63,0,0
BRDA:536,63,1,0
BRDA:557,64,0,1
BRDA:557,64,1,1
BRDA:584,65,0,2
BRDA:584,65,1,7
BRDA:602,66,0,1
BRDA:602,66,1,6
BRDA:607,67,0,1
BRDA:607,67,1,5
BRDA:607,68,0,6
BRDA:607,68,1,6
BRDA:620,69,0,1
BRDA:620,69,1,4
BRDA:626,70,0,4
BRDA:626,70,1,0
BRDA:637,71,0,1
BRDA:637,71,1,3
BRDA:644,72,0,2
BRDA:644,72,1,1
BRDA:644,73,0,3
BRDA:644,73,1,3
BRDA:652,74,0,1
BRDA:652,74,1,1
BRDA:655,75,0,1
BRDA:655,75,1,0
BRDA:661,76,0,3
BRDA:661,76,1,0
BRDA:662,77,0,3
BRDA:662,77,1,1
BRDA:668,78,0,4
BRDA:668,78,1,1
BRDA:670,79,0,4
BRDA:670,79,1,1
BRDA:677,80,0,4
BRDA:677,80,1,1
BRDA:678,81,0,4
BRDA:678,81,1,3
BRDA:680,82,0,4
BRDA:680,82,1,1
BRDA:681,83,0,4
BRDA:681,83,1,1
BRDA:687,84,0,4
BRDA:687,84,1,3
BRDA:690,85,0,4
BRDA:690,85,1,3
BRF:167
BRH:94
end_of_record
TN:
SF:src\controllers\messenger.controller.js
FN:17,rateLimitOrThrow
FN:20,(anonymous_1)
FN:27,getAuth
FN:38,normalizeMessageContent
FN:46,isStaff
FN:51,needsDmApproval
FN:55,normalizeRequestMessage
FN:63,mapUserTypeToConvoRole
FN:71,getDmOtherUser
FN:82,listConversations
FN:150,(anonymous_10)
FN:166,openCcaGroup
FN:196,openDm
FN:268,(anonymous_13)
FN:296,getMessages
FN:328,sendMessage
FN:380,(anonymous_16)
FN:381,(anonymous_17)
FN:385,(anonymous_18)
FN:400,markRead
FN:422,searchMessages
FN:451,softDeleteMessage
FN:493,pinMessage
FN:536,getPinned
FN:555,reportMessage
FN:610,(anonymous_25)
FN:611,(anonymous_26)
FN:622,(anonymous_27)
FN:643,(anonymous_28)
FN:644,(anonymous_29)
FN:654,(anonymous_30)
FN:665,searchUsersForDm
FN:709,createDmRequest
FN:778,(anonymous_33)
FN:798,listDmRequestsInbox
FN:816,respondDmRequest
FN:886,(anonymous_36)
FN:892,(anonymous_37)
FN:901,unpinMessage
FN:936,blockIfSuspended
FN:949,getMySuspensionStatus
FN:977,moderationInbox
FN:994,moderationAction
FN:1105,(anonymous_43)
FN:1165,(anonymous_44)
FN:1197,(anonymous_45)
FNF:46
FNH:18
FNDA:2,rateLimitOrThrow
FNDA:1,(anonymous_1)
FNDA:24,getAuth
FNDA:4,normalizeMessageContent
FNDA:4,isStaff
FNDA:0,needsDmApproval
FNDA:0,normalizeRequestMessage
FNDA:0,mapUserTypeToConvoRole
FNDA:1,getDmOtherUser
FNDA:5,listConversations
FNDA:0,(anonymous_10)
FNDA:0,openCcaGroup
FNDA:0,openDm
FNDA:0,(anonymous_13)
FNDA:3,getMessages
FNDA:4,sendMessage
FNDA:3,(anonymous_16)
FNDA:2,(anonymous_17)
FNDA:0,(anonymous_18)
FNDA:0,markRead
FNDA:0,searchMessages
FNDA:0,softDeleteMessage
FNDA:3,pinMessage
FNDA:0,getPinned
FNDA:2,reportMessage
FNDA:2,(anonymous_25)
FNDA:2,(anonymous_26)
FNDA:0,(anonymous_27)
FNDA:0,(anonymous_28)
FNDA:0,(anonymous_29)
FNDA:0,(anonymous_30)
FNDA:0,searchUsersForDm
FNDA:0,createDmRequest
FNDA:0,(anonymous_33)
FNDA:0,listDmRequestsInbox
FNDA:0,respondDmRequest
FNDA:0,(anonymous_36)
FNDA:0,(anonymous_37)
FNDA:1,unpinMessage
FNDA:0,blockIfSuspended
FNDA:2,getMySuspensionStatus
FNDA:0,moderationInbox
FNDA:4,moderationAction
FNDA:0,(anonymous_43)
FNDA:0,(anonymous_44)
FNDA:0,(anonymous_45)
DA:1,4
DA:2,4
DA:4,4
DA:5,4
DA:7,4
DA:13,4
DA:14,4
DA:15,4
DA:18,2
DA:19,2
DA:20,2
DA:21,2
DA:22,0
DA:23,2
DA:24,2
DA:28,24
DA:29,24
DA:30,23
DA:31,23
DA:33,1
DA:39,4
DA:40,4
DA:41,3
DA:42,0
DA:43,3
DA:47,4
DA:52,0
DA:56,0
DA:57,0
DA:58,0
DA:59,0
DA:60,0
DA:66,0
DA:67,0
DA:73,1
DA:74,1
DA:75,1
DA:76,1
DA:83,5
DA:84,5
DA:85,3
DA:89,3
DA:91,3
DA:92,0
DA:93,0
DA:97,3
DA:100,2
DA:102,2
DA:104,1
DA:111,1
DA:115,1
DA:117,1
DA:119,0
DA:122,1
DA:123,1
DA:124,1
DA:127,1
DA:128,0
DA:131,1
DA:150,2
DA:151,0
DA:152,0
DA:153,0
DA:156,2
DA:158,3
DA:167,0
DA:168,0
DA:169,0
DA:170,0
DA:172,0
DA:173,0
DA:174,0
DA:176,0
DA:179,0
DA:185,0
DA:187,0
DA:197,0
DA:198,0
DA:199,0
DA:200,0
DA:201,0
DA:203,0
DA:204,0
DA:205,0
DA:207,0
DA:209,0
DA:211,0
DA:213,0
DA:214,0
DA:215,0
DA:219,0
DA:220,0
DA:226,0
DA:227,0
DA:231,0
DA:233,0
DA:234,0
DA:235,0
DA:238,0
DA:239,0
DA:246,0
DA:248,0
DA:249,0
DA:252,0
DA:257,0
DA:264,0
DA:268,0
DA:270,0
DA:274,0
DA:276,0
DA:281,0
DA:287,0
DA:289,0
DA:297,3
DA:298,3
DA:299,3
DA:300,3
DA:302,3
DA:306,3
DA:307,1
DA:309,2
DA:310,2
DA:312,2
DA:317,1
DA:319,2
DA:320,2
DA:329,4
DA:330,4
DA:331,4
DA:332,4
DA:335,4
DA:336,3
DA:337,0
DA:341,3
DA:345,3
DA:346,1
DA:348,2
DA:350,2
DA:358,2
DA:359,2
DA:364,2
DA:368,1
DA:369,1
DA:372,1
DA:374,1
DA:378,1
DA:380,3
DA:382,2
DA:385,0
DA:389,1
DA:391,3
DA:392,3
DA:401,0
DA:402,0
DA:403,0
DA:404,0
DA:406,0
DA:410,0
DA:412,0
DA:413,0
DA:415,0
DA:423,0
DA:424,0
DA:425,0
DA:426,0
DA:428,0
DA:432,0
DA:434,0
DA:435,0
DA:437,0
DA:442,0
DA:444,0
DA:452,0
DA:453,0
DA:454,0
DA:455,0
DA:457,0
DA:458,0
DA:461,0
DA:465,0
DA:468,0
DA:470,0
DA:471,0
DA:476,0
DA:478,0
DA:480,0
DA:481,0
DA:484,0
DA:486,0
DA:487,0
DA:489,0
DA:494,3
DA:495,3
DA:496,3
DA:497,3
DA:499,3
DA:502,3
DA:506,3
DA:509,3
DA:510,3
DA:515,3
DA:517,3
DA:518,1
DA:520,2
DA:521,2
DA:522,1
DA:525,1
DA:530,1
DA:532,2
DA:537,0
DA:538,0
DA:539,0
DA:540,0
DA:542,0
DA:546,0
DA:548,0
DA:549,0
DA:551,0
DA:556,2
DA:557,2
DA:558,2
DA:559,2
DA:561,2
DA:563,2
DA:567,2
DA:569,1
DA:571,1
DA:573,1
DA:574,1
DA:579,1
DA:581,1
DA:586,1
DA:588,1
DA:590,1
DA:592,1
DA:593,1
DA:603,1
DA:604,1
DA:608,1
DA:610,2
DA:612,2
DA:622,0
DA:627,1
DA:628,0
DA:638,0
DA:639,0
DA:641,0
DA:643,0
DA:645,0
DA:654,0
DA:659,1
DA:661,1
DA:666,0
DA:667,0
DA:668,0
DA:670,0
DA:671,0
DA:673,0
DA:676,0
DA:677,0
DA:679,0
DA:680,0
DA:682,0
DA:684,0
DA:685,0
DA:686,0
DA:690,0
DA:691,0
DA:697,0
DA:698,0
DA:702,0
DA:704,0
DA:710,0
DA:711,0
DA:712,0
DA:713,0
DA:714,0
DA:715,0
DA:717,0
DA:718,0
DA:719,0
DA:720,0
DA:722,0
DA:724,0
DA:727,0
DA:728,0
DA:735,0
DA:737,0
DA:738,0
DA:739,0
DA:743,0
DA:744,0
DA:750,0
DA:751,0
DA:755,0
DA:756,0
DA:757,0
DA:761,0
DA:766,0
DA:774,0
DA:778,0
DA:780,0
DA:783,0
DA:789,0
DA:793,0
DA:799,0
DA:800,0
DA:801,0
DA:803,0
DA:804,0
DA:805,0
DA:808,0
DA:809,0
DA:811,0
DA:817,0
DA:818,0
DA:819,0
DA:820,0
DA:821,0
DA:823,0
DA:824,0
DA:825,0
DA:826,0
DA:828,0
DA:829,0
DA:830,0
DA:833,0
DA:836,0
DA:837,0
DA:840,0
DA:841,0
DA:848,0
DA:855,0
DA:856,0
DA:857,0
DA:862,0
DA:865,0
DA:867,0
DA:873,0
DA:879,0
DA:886,0
DA:888,0
DA:892,0
DA:895,0
DA:897,0
DA:902,1
DA:903,1
DA:904,1
DA:905,1
DA:907,1
DA:911,1
DA:913,1
DA:914,1
DA:919,1
DA:921,1
DA:922,0
DA:924,1
DA:925,1
DA:926,0
DA:929,1
DA:930,1
DA:932,0
DA:937,0
DA:938,0
DA:939,0
DA:950,2
DA:951,2
DA:952,2
DA:954,2
DA:957,2
DA:958,1
DA:961,1
DA:973,0
DA:978,0
DA:979,0
DA:980,0
DA:982,0
DA:983,0
DA:985,0
DA:986,0
DA:988,0
DA:995,4
DA:996,4
DA:997,4
DA:998,4
DA:999,4
DA:1000,4
DA:1002,4
DA:1003,4
DA:1005,3
DA:1008,3
DA:1015,3
DA:1018,3
DA:1025,3
DA:1030,3
DA:1032,3
DA:1033,2
DA:1034,2
DA:1035,0
DA:1037,1
DA:1038,1
DA:1039,1
DA:1041,0
DA:1046,3
DA:1047,0
DA:1050,3
DA:1051,3
DA:1053,3
DA:1054,0
DA:1062,0
DA:1063,0
DA:1066,3
DA:1067,0
DA:1072,3
DA:1073,3
DA:1074,3
DA:1076,2
DA:1083,2
DA:1084,2
DA:1088,2
DA:1097,2
DA:1105,0
DA:1107,2
DA:1113,0
DA:1114,0
DA:1115,0
DA:1118,0
DA:1125,0
DA:1130,0
DA:1131,0
DA:1138,0
DA:1146,0
DA:1155,0
DA:1165,0
DA:1167,0
DA:1173,0
DA:1174,0
DA:1181,0
DA:1189,0
DA:1197,0
DA:1199,0
DA:1202,0
DA:1204,2
DA:1208,4
LF:444
LH:186
BRDA:19,0,0,2
BRDA:19,0,1,1
BRDA:21,1,0,0
BRDA:21,1,1,2
BRDA:29,2,0,1
BRDA:29,2,1,23
BRDA:39,3,0,4
BRDA:39,3,1,0
BRDA:40,4,0,1
BRDA:40,4,1,3
BRDA:41,5,0,0
BRDA:41,5,1,3
BRDA:47,6,0,4
BRDA:47,6,1,2
BRDA:52,7,0,0
BRDA:52,7,1,0
BRDA:56,8,0,0
BRDA:56,8,1,0
BRDA:57,9,0,0
BRDA:57,9,1,0
BRDA:58,10,0,0
BRDA:58,10,1,0
BRDA:66,11,0,0
BRDA:66,11,1,0
BRDA:73,12,0,1
BRDA:73,12,1,0
BRDA:74,13,0,1
BRDA:74,13,1,0
BRDA:115,14,0,1
BRDA:115,14,1,1
BRDA:117,15,0,0
BRDA:117,15,1,1
BRDA:117,16,0,1
BRDA:117,16,1,0
BRDA:119,17,0,0
BRDA:119,17,1,0
BRDA:122,18,0,1
BRDA:122,18,1,0
BRDA:124,19,0,1
BRDA:124,19,1,0
BRDA:127,20,0,0
BRDA:127,20,1,1
BRDA:128,21,0,0
BRDA:128,21,1,0
BRDA:138,22,0,1
BRDA:138,22,1,0
BRDA:151,23,0,0
BRDA:151,23,1,0
BRDA:152,24,0,0
BRDA:152,24,1,0
BRDA:173,25,0,0
BRDA:173,25,1,0
BRDA:203,26,0,0
BRDA:203,26,1,0
BRDA:203,27,0,0
BRDA:203,27,1,0
BRDA:205,28,0,0
BRDA:205,28,1,0
BRDA:214,29,0,0
BRDA:214,29,1,0
BRDA:219,30,0,0
BRDA:219,30,1,0
BRDA:226,31,0,0
BRDA:226,31,1,0
BRDA:226,32,0,0
BRDA:226,32,1,0
BRDA:231,33,0,0
BRDA:231,33,1,0
BRDA:234,34,0,0
BRDA:234,34,1,0
BRDA:246,35,0,0
BRDA:246,35,1,0
BRDA:248,36,0,0
BRDA:248,36,1,0
BRDA:306,37,0,1
BRDA:306,37,1,2
BRDA:309,38,0,2
BRDA:309,38,1,1
BRDA:310,39,0,0
BRDA:310,39,1,2
BRDA:336,40,0,0
BRDA:336,40,1,3
BRDA:336,41,0,3
BRDA:336,41,1,3
BRDA:345,42,0,1
BRDA:345,42,1,2
BRDA:364,43,0,1
BRDA:364,43,1,1
BRDA:372,44,0,0
BRDA:372,44,1,1
BRDA:374,45,0,0
BRDA:374,45,1,1
BRDA:376,46,0,1
BRDA:376,46,1,0
BRDA:410,47,0,0
BRDA:410,47,1,0
BRDA:432,48,0,0
BRDA:432,48,1,0
BRDA:434,49,0,0
BRDA:434,49,1,0
BRDA:435,50,0,0
BRDA:435,50,1,0
BRDA:458,51,0,0
BRDA:458,51,1,0
BRDA:465,52,0,0
BRDA:465,52,1,0
BRDA:476,53,0,0
BRDA:476,53,1,0
BRDA:478,54,0,0
BRDA:478,54,1,0
BRDA:478,55,0,0
BRDA:478,55,1,0
BRDA:481,56,0,0
BRDA:481,56,1,0
BRDA:481,56,2,0
BRDA:484,57,0,0
BRDA:484,57,1,0
BRDA:506,58,0,0
BRDA:506,58,1,3
BRDA:515,59,0,0
BRDA:515,59,1,3
BRDA:517,60,0,1
BRDA:517,60,1,2
BRDA:521,61,0,1
BRDA:521,61,1,1
BRDA:521,62,0,2
BRDA:521,62,1,2
BRDA:521,62,2,2
BRDA:546,63,0,0
BRDA:546,63,1,0
BRDA:567,64,0,1
BRDA:567,64,1,1
BRDA:569,65,0,1
BRDA:569,65,1,0
BRDA:579,66,0,0
BRDA:579,66,1,1
BRDA:586,67,0,0
BRDA:586,67,1,1
BRDA:592,68,0,1
BRDA:592,68,1,0
BRDA:592,69,0,1
BRDA:592,69,1,1
BRDA:605,70,0,1
BRDA:605,70,1,0
BRDA:627,71,0,0
BRDA:627,71,1,1
BRDA:670,72,0,0
BRDA:670,72,1,0
BRDA:671,73,0,0
BRDA:671,73,1,0
BRDA:680,74,0,0
BRDA:680,74,1,0
BRDA:685,75,0,0
BRDA:685,75,1,0
BRDA:690,76,0,0
BRDA:690,76,1,0
BRDA:697,77,0,0
BRDA:697,77,1,0
BRDA:697,78,0,0
BRDA:697,78,1,0
BRDA:717,79,0,0
BRDA:717,79,1,0
BRDA:717,80,0,0
BRDA:717,80,1,0
BRDA:719,81,0,0
BRDA:719,81,1,0
BRDA:727,82,0,0
BRDA:727,82,1,0
BRDA:738,83,0,0
BRDA:738,83,1,0
BRDA:743,84,0,0
BRDA:743,84,1,0
BRDA:750,85,0,0
BRDA:750,85,1,0
BRDA:750,86,0,0
BRDA:750,86,1,0
BRDA:756,87,0,0
BRDA:756,87,1,0
BRDA:783,88,0,0
BRDA:783,88,1,0
BRDA:784,89,0,0
BRDA:784,89,1,0
BRDA:784,90,0,0
BRDA:784,90,1,0
BRDA:787,91,0,0
BRDA:787,91,1,0
BRDA:804,92,0,0
BRDA:804,92,1,0
BRDA:821,93,0,0
BRDA:821,93,1,0
BRDA:823,94,0,0
BRDA:823,94,1,0
BRDA:823,95,0,0
BRDA:823,95,1,0
BRDA:825,96,0,0
BRDA:825,96,1,0
BRDA:825,97,0,0
BRDA:825,97,1,0
BRDA:829,98,0,0
BRDA:829,98,1,0
BRDA:836,99,0,0
BRDA:836,99,1,0
BRDA:840,100,0,0
BRDA:840,100,1,0
BRDA:856,101,0,0
BRDA:856,101,1,0
BRDA:911,102,0,0
BRDA:911,102,1,1
BRDA:919,103,0,0
BRDA:919,103,1,1
BRDA:921,104,0,0
BRDA:921,104,1,1
BRDA:925,105,0,0
BRDA:925,105,1,1
BRDA:925,106,0,1
BRDA:925,106,1,1
BRDA:925,106,2,0
BRDA:938,107,0,0
BRDA:938,107,1,0
BRDA:957,108,0,1
BRDA:957,108,1,1
BRDA:964,109,0,1
BRDA:964,109,1,0
BRDA:964,109,2,0
BRDA:965,110,0,1
BRDA:965,110,1,0
BRDA:966,111,0,1
BRDA:966,111,1,0
BRDA:966,111,2,0
BRDA:967,112,0,1
BRDA:967,112,1,0
BRDA:968,113,0,1
BRDA:968,113,1,0
BRDA:969,114,0,1
BRDA:969,114,1,0
BRDA:983,115,0,0
BRDA:983,115,1,0
BRDA:999,116,0,4
BRDA:999,116,1,0
BRDA:1000,117,0,4
BRDA:1000,117,1,0
BRDA:1003,118,0,1
BRDA:1003,118,1,3
BRDA:1015,119,0,0
BRDA:1015,119,1,3
BRDA:1025,120,0,0
BRDA:1025,120,1,3
BRDA:1030,121,0,3
BRDA:1030,121,1,0
BRDA:1032,122,0,2
BRDA:1032,122,1,1
BRDA:1034,123,0,0
BRDA:1034,123,1,2
BRDA:1034,124,0,2
BRDA:1034,124,1,2
BRDA:1034,124,2,1
BRDA:1037,125,0,1
BRDA:1037,125,1,0
BRDA:1039,126,0,0
BRDA:1039,126,1,1
BRDA:1046,127,0,0
BRDA:1046,127,1,3
BRDA:1046,128,0,3
BRDA:1046,128,1,2
BRDA:1053,129,0,0
BRDA:1053,129,1,3
BRDA:1062,130,0,0
BRDA:1062,130,1,0
BRDA:1066,131,0,0
BRDA:1066,131,1,3
BRDA:1072,132,0,3
BRDA:1072,132,1,0
BRDA:1074,133,0,1
BRDA:1074,133,1,2
BRDA:1079,134,0,2
BRDA:1079,134,1,0
BRDA:1084,135,0,2
BRDA:1084,135,1,0
BRDA:1085,136,0,2
BRDA:1085,136,1,1
BRDA:1103,137,0,2
BRDA:1103,137,1,0
BRDA:1113,138,0,0
BRDA:1113,138,1,0
BRDA:1113,139,0,0
BRDA:1113,139,1,0
BRDA:1114,140,0,0
BRDA:1114,140,1,0
BRDA:1122,141,0,0
BRDA:1122,141,1,0
BRDA:1130,142,0,0
BRDA:1130,142,1,0
BRDA:1148,143,0,0
BRDA:1148,143,1,0
BRDA:1157,144,0,0
BRDA:1157,144,1,0
BRDA:1161,145,0,0
BRDA:1161,145,1,0
BRDA:1163,146,0,0
BRDA:1163,146,1,0
BRDA:1173,147,0,0
BRDA:1173,147,1,0
BRDA:1177,148,0,0
BRDA:1177,148,1,0
BRDA:1195,149,0,0
BRDA:1195,149,1,0
BRF:306
BRH:97
end_of_record
TN:
SF:src\controllers\proposal.controller.js
FN:8,getUser
FN:19,formatDateTime
FN:40,formatTime
FN:53,drawPDFHeader
FN:101,drawPDFFooter
FN:151,drawSectionHeader
FN:169,drawDetailBox
FN:189,drawContentSection
FN:206,(anonymous_8)
FN:248,(anonymous_9)
FN:266,(anonymous_10)
FN:296,(anonymous_11)
FN:326,(anonymous_12)
FN:357,(anonymous_13)
FN:388,(anonymous_14)
FN:419,(anonymous_15)
FN:454,(anonymous_16)
FN:470,generateEnhancedPDF
FN:610,(anonymous_18)
FN:620,(anonymous_19)
FNF:20
FNH:0
FNDA:0,getUser
FNDA:0,formatDateTime
FNDA:0,formatTime
FNDA:0,drawPDFHeader
FNDA:0,drawPDFFooter
FNDA:0,drawSectionHeader
FNDA:0,drawDetailBox
FNDA:0,drawContentSection
FNDA:0,(anonymous_8)
FNDA:0,(anonymous_9)
FNDA:0,(anonymous_10)
FNDA:0,(anonymous_11)
FNDA:0,(anonymous_12)
FNDA:0,(anonymous_13)
FNDA:0,(anonymous_14)
FNDA:0,(anonymous_15)
FNDA:0,(anonymous_16)
FNDA:0,generateEnhancedPDF
FNDA:0,(anonymous_18)
FNDA:0,(anonymous_19)
DA:1,5
DA:2,5
DA:3,5
DA:4,5
DA:5,5
DA:9,0
DA:10,0
DA:11,0
DA:12,0
DA:14,0
DA:20,0
DA:22,0
DA:23,0
DA:30,0
DA:32,0
DA:33,0
DA:36,0
DA:41,0
DA:44,0
DA:45,0
DA:46,0
DA:47,0
DA:49,0
DA:55,0
DA:58,0
DA:61,0
DA:64,0
DA:70,0
DA:76,0
DA:83,0
DA:84,0
DA:92,0
DA:102,0
DA:105,0
DA:113,0
DA:116,0
DA:122,0
DA:123,0
DA:130,0
DA:131,0
DA:132,0
DA:139,0
DA:140,0
DA:147,0
DA:153,0
DA:156,0
DA:159,0
DA:165,0
DA:171,0
DA:174,0
DA:181,0
DA:190,0
DA:193,0
DA:194,0
DA:195,0
DA:196,0
DA:200,0
DA:203,0
DA:204,0
DA:206,0
DA:208,0
DA:209,0
DA:210,0
DA:211,0
DA:215,0
DA:216,0
DA:222,0
DA:227,0
DA:228,0
DA:239,0
DA:242,0
DA:248,5
DA:249,0
DA:250,0
DA:251,0
DA:252,0
DA:255,0
DA:256,0
DA:258,0
DA:259,0
DA:266,5
DA:267,0
DA:268,0
DA:269,0
DA:271,0
DA:272,0
DA:275,0
DA:277,0
DA:278,0
DA:282,0
DA:283,0
DA:286,0
DA:288,0
DA:289,0
DA:296,5
DA:297,0
DA:298,0
DA:299,0
DA:300,0
DA:303,0
DA:305,0
DA:306,0
DA:309,0
DA:316,0
DA:318,0
DA:319,0
DA:326,5
DA:327,0
DA:328,0
DA:329,0
DA:331,0
DA:332,0
DA:335,0
DA:337,0
DA:338,0
DA:342,0
DA:343,0
DA:346,0
DA:347,0
DA:349,0
DA:350,0
DA:357,5
DA:358,0
DA:359,0
DA:360,0
DA:362,0
DA:363,0
DA:366,0
DA:368,0
DA:369,0
DA:373,0
DA:374,0
DA:377,0
DA:378,0
DA:380,0
DA:381,0
DA:388,5
DA:389,0
DA:390,0
DA:391,0
DA:393,0
DA:394,0
DA:397,0
DA:399,0
DA:400,0
DA:404,0
DA:405,0
DA:408,0
DA:409,0
DA:411,0
DA:412,0
DA:419,5
DA:420,0
DA:421,0
DA:422,0
DA:424,0
DA:425,0
DA:428,0
DA:430,0
DA:431,0
DA:434,0
DA:435,0
DA:438,0
DA:439,0
DA:440,0
DA:444,0
DA:446,0
DA:447,0
DA:454,5
DA:455,0
DA:456,0
DA:457,0
DA:459,0
DA:460,0
DA:462,0
DA:463,0
DA:471,0
DA:477,0
DA:478,0
DA:482,0
DA:485,0
DA:487,0
DA:490,0
DA:493,0
DA:494,0
DA:495,0
DA:498,0
DA:499,0
DA:501,0
DA:502,0
DA:505,0
DA:506,0
DA:509,0
DA:510,0
DA:511,0
DA:514,0
DA:515,0
DA:523,0
DA:526,0
DA:528,0
DA:534,0
DA:535,0
DA:536,0
DA:539,0
DA:593,0
DA:610,0
DA:611,0
DA:613,0
DA:614,0
DA:617,0
DA:620,0
DA:623,0
DA:627,0
DA:630,0
DA:631,0
DA:632,0
DA:635,0
LF:217
LH:13
BRDA:5,0,0,5
BRDA:5,0,1,1
BRDA:10,1,0,0
BRDA:10,1,1,0
BRDA:20,2,0,0
BRDA:20,2,1,0
BRDA:32,3,0,0
BRDA:32,3,1,0
BRDA:41,4,0,0
BRDA:41,4,1,0
BRDA:46,5,0,0
BRDA:46,5,1,0
BRDA:47,6,0,0
BRDA:47,6,1,0
BRDA:83,7,0,0
BRDA:83,7,1,0
BRDA:169,8,0,0
BRDA:185,9,0,0
BRDA:185,9,1,0
BRDA:193,10,0,0
BRDA:193,10,1,0
BRDA:208,11,0,0
BRDA:208,11,1,0
BRDA:215,12,0,0
BRDA:215,12,1,0
BRDA:215,13,0,0
BRDA:215,13,1,0
BRDA:227,14,0,0
BRDA:227,14,1,0
BRDA:251,15,0,0
BRDA:251,15,1,0
BRDA:271,16,0,0
BRDA:271,16,1,0
BRDA:277,17,0,0
BRDA:277,17,1,0
BRDA:282,18,0,0
BRDA:282,18,1,0
BRDA:299,19,0,0
BRDA:299,19,1,0
BRDA:299,20,0,0
BRDA:299,20,1,0
BRDA:305,21,0,0
BRDA:305,21,1,0
BRDA:305,22,0,0
BRDA:305,22,1,0
BRDA:305,22,2,0
BRDA:331,23,0,0
BRDA:331,23,1,0
BRDA:337,24,0,0
BRDA:337,24,1,0
BRDA:342,25,0,0
BRDA:342,25,1,0
BRDA:362,26,0,0
BRDA:362,26,1,0
BRDA:368,27,0,0
BRDA:368,27,1,0
BRDA:373,28,0,0
BRDA:373,28,1,0
BRDA:393,29,0,0
BRDA:393,29,1,0
BRDA:399,30,0,0
BRDA:399,30,1,0
BRDA:404,31,0,0
BRDA:404,31,1,0
BRDA:424,32,0,0
BRDA:424,32,1,0
BRDA:430,33,0,0
BRDA:430,33,1,0
BRDA:434,34,0,0
BRDA:434,34,1,0
BRDA:439,35,0,0
BRDA:439,35,1,0
BRDA:457,36,0,0
BRDA:457,36,1,0
BRDA:480,37,0,0
BRDA:480,37,1,0
BRDA:501,38,0,0
BRDA:501,38,1,0
BRDA:505,39,0,0
BRDA:505,39,1,0
BRDA:526,40,0,0
BRDA:526,40,1,0
BRDA:528,41,0,0
BRDA:528,41,1,0
BRDA:528,41,2,0
BRDA:528,41,3,0
BRDA:528,41,4,0
BRDA:611,42,0,0
BRDA:611,42,1,0
BRDA:614,43,0,0
BRDA:614,43,1,0
BRDA:614,44,0,0
BRDA:614,44,1,0
BRDA:614,44,2,0
BRDA:617,45,0,0
BRDA:617,45,1,0
BRF:96
BRH:2
end_of_record
TN:
SF:src\controllers\waitlist.controller.js
FN:16,getUserIdFromToken
FN:31,getRegisteredCount
FN:44,createPromotionNotification
FN:72,offerNextPromotion
FN:126,(anonymous_4)
FN:262,(anonymous_5)
FN:325,(anonymous_6)
FN:365,(anonymous_7)
FN:395,(anonymous_8)
FN:410,(anonymous_9)
FN:435,(anonymous_10)
FN:456,(anonymous_11)
FN:478,(anonymous_12)
FNF:13
FNH:12
FNDA:21,getUserIdFromToken
FNDA:7,getRegisteredCount
FNDA:1,createPromotionNotification
FNDA:4,offerNextPromotion
FNDA:10,(anonymous_4)
FNDA:4,(anonymous_5)
FNDA:4,(anonymous_6)
FNDA:3,(anonymous_7)
FNDA:2,(anonymous_8)
FNDA:3,(anonymous_9)
FNDA:3,(anonymous_10)
FNDA:2,(anonymous_11)
FNDA:0,(anonymous_12)
DA:6,4
DA:7,4
DA:8,4
DA:10,4
DA:11,4
DA:17,21
DA:18,21
DA:20,19
DA:21,19
DA:22,19
DA:24,0
DA:32,7
DA:37,7
DA:38,7
DA:45,1
DA:46,1
DA:52,1
DA:54,1
DA:56,1
DA:65,0
DA:73,4
DA:76,4
DA:79,4
DA:85,4
DA:87,3
DA:90,3
DA:93,3
DA:94,0
DA:95,0
DA:98,3
DA:99,3
DA:100,3
DA:103,0
DA:106,0
DA:107,0
DA:108,0
DA:109,0
DA:113,0
DA:114,0
DA:117,0
DA:119,0
DA:126,4
DA:127,10
DA:128,10
DA:129,10
DA:131,10
DA:132,2
DA:137,8
DA:143,8
DA:144,1
DA:150,7
DA:151,1
DA:159,6
DA:160,1
DA:167,1
DA:168,1
DA:178,5
DA:179,1
DA:180,1
DA:182,1
DA:183,1
DA:192,4
DA:195,4
DA:200,4
DA:201,1
DA:209,3
DA:216,3
DA:217,1
DA:225,2
DA:234,2
DA:235,1
DA:236,1
DA:241,1
DA:245,0
DA:246,0
DA:262,4
DA:263,4
DA:264,4
DA:265,4
DA:267,4
DA:268,1
DA:272,3
DA:277,3
DA:283,2
DA:285,2
DA:286,1
DA:293,1
DA:298,2
DA:301,2
DA:302,1
DA:305,2
DA:308,2
DA:310,2
DA:316,1
DA:317,1
DA:325,4
DA:326,4
DA:327,4
DA:328,4
DA:330,4
DA:331,1
DA:334,3
DA:335,3
DA:336,1
DA:339,2
DA:342,2
DA:346,2
DA:347,1
DA:348,1
DA:352,1
DA:354,1
DA:357,0
DA:358,0
DA:365,4
DA:366,3
DA:367,3
DA:368,3
DA:370,3
DA:371,1
DA:373,2
DA:380,1
DA:382,1
DA:387,1
DA:388,1
DA:395,4
DA:396,2
DA:397,2
DA:398,2
DA:399,1
DA:402,1
DA:403,1
DA:410,4
DA:411,3
DA:412,3
DA:413,3
DA:415,2
DA:416,1
DA:418,1
DA:420,1
DA:422,1
DA:424,1
DA:427,1
DA:428,1
DA:435,4
DA:436,3
DA:437,3
DA:438,3
DA:440,2
DA:441,1
DA:443,1
DA:445,1
DA:448,1
DA:449,1
DA:456,4
DA:457,2
DA:458,2
DA:459,2
DA:461,2
DA:463,1
DA:465,1
DA:470,1
DA:471,1
DA:478,4
DA:479,0
LF:164
LH:146
BRDA:18,0,0,2
BRDA:18,0,1,19
BRDA:37,1,0,0
BRDA:37,1,1,7
BRDA:38,2,0,7
BRDA:38,2,1,3
BRDA:52,3,0,0
BRDA:52,3,1,1
BRDA:52,4,0,1
BRDA:52,4,1,1
BRDA:85,5,0,1
BRDA:85,5,1,3
BRDA:93,6,0,0
BRDA:93,6,1,3
BRDA:93,7,0,3
BRDA:93,7,1,3
BRDA:98,8,0,3
BRDA:98,8,1,0
BRDA:107,9,0,0
BRDA:107,9,1,0
BRDA:128,10,0,10
BRDA:128,10,1,1
BRDA:131,11,0,2
BRDA:131,11,1,8
BRDA:131,12,0,10
BRDA:131,12,1,9
BRDA:143,13,0,1
BRDA:143,13,1,7
BRDA:143,14,0,8
BRDA:143,14,1,7
BRDA:150,15,0,1
BRDA:150,15,1,6
BRDA:159,16,0,1
BRDA:159,16,1,5
BRDA:167,17,0,1
BRDA:167,17,1,0
BRDA:178,18,0,1
BRDA:178,18,1,4
BRDA:182,19,0,1
BRDA:182,19,1,0
BRDA:195,20,0,4
BRDA:195,20,1,4
BRDA:195,20,2,4
BRDA:200,21,0,1
BRDA:200,21,1,3
BRDA:216,22,0,1
BRDA:216,22,1,2
BRDA:234,23,0,1
BRDA:234,23,1,1
BRDA:264,24,0,4
BRDA:264,24,1,1
BRDA:267,25,0,1
BRDA:267,25,1,3
BRDA:267,26,0,4
BRDA:267,26,1,3
BRDA:272,27,0,1
BRDA:272,27,1,2
BRDA:285,28,0,1
BRDA:285,28,1,1
BRDA:301,29,0,1
BRDA:301,29,1,1
BRDA:301,30,0,2
BRDA:301,30,1,1
BRDA:311,31,0,1
BRDA:311,31,1,1
BRDA:311,32,0,2
BRDA:311,32,1,1
BRDA:327,33,0,4
BRDA:327,33,1,0
BRDA:330,34,0,1
BRDA:330,34,1,3
BRDA:330,35,0,4
BRDA:330,35,1,4
BRDA:335,36,0,1
BRDA:335,36,1,2
BRDA:346,37,0,1
BRDA:346,37,1,1
BRDA:367,38,0,3
BRDA:367,38,1,1
BRDA:370,39,0,1
BRDA:370,39,1,2
BRDA:370,40,0,3
BRDA:370,40,1,2
BRDA:415,41,0,1
BRDA:415,41,1,1
BRDA:440,42,0,1
BRDA:440,42,1,1
BRF:87
BRH:78
end_of_record
TN:
SF:src\middleware\requireNotSuspended.js
FN:7,getAuth
FN:17,requireNotSuspended
FNF:2
FNH:2
FNDA:5,getAuth
FNDA:5,requireNotSuspended
DA:1,4
DA:2,4
DA:3,4
DA:5,4
DA:8,5
DA:9,5
DA:10,5
DA:11,5
DA:13,0
DA:17,4
DA:18,5
DA:19,5
DA:20,5
DA:22,5
DA:23,5
DA:26,1
DA:27,1
DA:29,0
LF:18
LH:16
BRDA:9,0,0,0
BRDA:9,0,1,5
BRDA:23,1,0,4
BRDA:23,1,1,1
BRDA:26,2,0,1
BRDA:26,2,1,0
BRF:6
BRH:4
end_of_record
TN:
SF:src\models\Auth.model.js
FN:3,createUser
FN:17,getUserByEmail
FN:28,getUserByAdminNumber
FN:39,getUserById
FNF:4
FNH:1
FNDA:0,createUser
FNDA:0,getUserByEmail
FNDA:0,getUserByAdminNumber
FNDA:2,getUserById
DA:1,6
DA:4,0
DA:5,0
DA:7,0
DA:13,0
DA:14,0
DA:18,0
DA:24,0
DA:25,0
DA:29,0
DA:35,0
DA:36,0
DA:40,2
DA:46,2
DA:47,2
DA:50,6
LF:16
LH:5
BRDA:5,0,0,0
BRDA:5,0,1,0
BRDA:13,1,0,0
BRDA:13,1,1,0
BRDA:24,2,0,0
BRDA:24,2,1,0
BRDA:24,3,0,0
BRDA:24,3,1,0
BRDA:25,4,0,0
BRDA:25,4,1,0
BRDA:35,5,0,0
BRDA:35,5,1,0
BRDA:35,6,0,0
BRDA:35,6,1,0
BRDA:36,7,0,0
BRDA:36,7,1,0
BRDA:46,8,0,0
BRDA:46,8,1,2
BRDA:46,9,0,2
BRDA:46,9,1,1
BRDA:47,10,0,2
BRDA:47,10,1,1
BRF:22
BRH:5
end_of_record
TN:
SF:src\models\analytics.model.js
FN:5,countRowsWhere
FN:18,inFilter
FN:25,getExcoCcaIdForUser
FN:38,getCcaById
FN:50,getEventIdsForCca
FN:60,countAllEvents
FN:64,countActiveEvents
FN:75,countMembers
FN:81,countTotalSignups
FN:83,(anonymous_9)
FN:92,countTotalAttendance
FN:94,(anonymous_11)
FN:110,getSignupTrendByMonth
FN:112,(anonymous_13)
FN:138,(anonymous_14)
FN:144,(anonymous_15)
FN:151,getTopEvents
FN:155,(anonymous_17)
FN:171,(anonymous_18)
FN:176,(anonymous_19)
FN:187,(anonymous_20)
FN:195,(anonymous_21)
FNF:22
FNH:0
FNDA:0,countRowsWhere
FNDA:0,inFilter
FNDA:0,getExcoCcaIdForUser
FNDA:0,getCcaById
FNDA:0,getEventIdsForCca
FNDA:0,countAllEvents
FNDA:0,countActiveEvents
FNDA:0,countMembers
FNDA:0,countTotalSignups
FNDA:0,(anonymous_9)
FNDA:0,countTotalAttendance
FNDA:0,(anonymous_11)
FNDA:0,getSignupTrendByMonth
FNDA:0,(anonymous_13)
FNDA:0,(anonymous_14)
FNDA:0,(anonymous_15)
FNDA:0,getTopEvents
FNDA:0,(anonymous_17)
FNDA:0,(anonymous_18)
FNDA:0,(anonymous_19)
FNDA:0,(anonymous_20)
FNDA:0,(anonymous_21)
DA:2,5
DA:6,0
DA:7,0
DA:8,0
DA:9,0
DA:12,0
DA:13,0
DA:14,0
DA:20,0
DA:21,0
DA:26,0
DA:34,0
DA:35,0
DA:39,0
DA:45,0
DA:46,0
DA:51,0
DA:56,0
DA:57,0
DA:61,0
DA:65,0
DA:66,0
DA:71,0
DA:72,0
DA:77,0
DA:82,0
DA:83,0
DA:84,0
DA:86,0
DA:87,0
DA:88,0
DA:89,0
DA:93,0
DA:94,0
DA:95,0
DA:98,0
DA:101,0
DA:104,0
DA:105,0
DA:106,0
DA:111,0
DA:112,0
DA:113,0
DA:115,0
DA:116,0
DA:117,0
DA:118,0
DA:120,0
DA:123,0
DA:126,0
DA:127,0
DA:130,0
DA:131,0
DA:132,0
DA:133,0
DA:134,0
DA:135,0
DA:138,0
DA:139,0
DA:140,0
DA:141,0
DA:144,0
DA:152,0
DA:153,0
DA:155,0
DA:158,0
DA:159,0
DA:160,0
DA:161,0
DA:164,0
DA:165,0
DA:166,0
DA:167,0
DA:170,0
DA:171,0
DA:172,0
DA:175,0
DA:176,0
DA:177,0
DA:178,0
DA:182,0
DA:183,0
DA:184,0
DA:185,0
DA:187,0
DA:195,0
DA:196,0
DA:199,5
LF:88
LH:2
BRDA:7,0,0,0
BRDA:7,0,1,0
BRDA:13,1,0,0
BRDA:13,1,1,0
BRDA:14,2,0,0
BRDA:14,2,1,0
BRDA:34,3,0,0
BRDA:34,3,1,0
BRDA:35,4,0,0
BRDA:35,4,1,0
BRDA:45,5,0,0
BRDA:45,5,1,0
BRDA:46,6,0,0
BRDA:46,6,1,0
BRDA:56,7,0,0
BRDA:56,7,1,0
BRDA:57,8,0,0
BRDA:57,8,1,0
BRDA:71,9,0,0
BRDA:71,9,1,0
BRDA:72,10,0,0
BRDA:72,10,1,0
BRDA:84,11,0,0
BRDA:84,11,1,0
BRDA:88,12,0,0
BRDA:88,12,1,0
BRDA:89,13,0,0
BRDA:89,13,1,0
BRDA:95,14,0,0
BRDA:95,14,1,0
BRDA:105,15,0,0
BRDA:105,15,1,0
BRDA:106,16,0,0
BRDA:106,16,1,0
BRDA:110,17,0,0
BRDA:113,18,0,0
BRDA:113,18,1,0
BRDA:127,19,0,0
BRDA:127,19,1,0
BRDA:138,20,0,0
BRDA:138,20,1,0
BRDA:141,21,0,0
BRDA:141,21,1,0
BRDA:151,22,0,0
BRDA:153,23,0,0
BRDA:153,23,1,0
BRDA:161,24,0,0
BRDA:161,24,1,0
BRDA:167,25,0,0
BRDA:167,25,1,0
BRDA:172,26,0,0
BRDA:172,26,1,0
BRDA:177,27,0,0
BRDA:177,27,1,0
BRDA:178,28,0,0
BRDA:178,28,1,0
BRDA:178,29,0,0
BRDA:178,29,1,0
BRDA:185,30,0,0
BRDA:185,30,1,0
BRDA:187,31,0,0
BRDA:187,31,1,0
BRDA:191,32,0,0
BRDA:191,32,1,0
BRDA:192,33,0,0
BRDA:192,33,1,0
BRF:66
BRH:0
end_of_record
TN:
SF:src\models\chatbot.model.js
FN:5,generateGeminiResponse
FNF:1
FNH:0
FNDA:0,generateGeminiResponse
DA:1,4
DA:3,4
DA:7,0
DA:11,0
DA:31,0
DA:32,0
DA:33,0
DA:36,4
LF:8
LH:3
BRF:0
BRH:0
end_of_record
TN:
SF:src\models\engagement.model.js
FN:5,inFilter
FN:13,getUserSignups
FN:24,getUserCcaMemberships
FN:35,getUserEngagementStats
FN:44,(anonymous_4)
FN:58,(anonymous_5)
FN:90,getRecommendedEventsForUser
FN:93,(anonymous_7)
FN:97,(anonymous_8)
FN:142,(anonymous_9)
FN:147,(anonymous_10)
FN:154,(anonymous_11)
FNF:12
FNH:0
FNDA:0,inFilter
FNDA:0,getUserSignups
FNDA:0,getUserCcaMemberships
FNDA:0,getUserEngagementStats
FNDA:0,(anonymous_4)
FNDA:0,(anonymous_5)
FNDA:0,getRecommendedEventsForUser
FNDA:0,(anonymous_7)
FNDA:0,(anonymous_8)
FNDA:0,(anonymous_9)
FNDA:0,(anonymous_10)
FNDA:0,(anonymous_11)
DA:2,3
DA:6,0
DA:7,0
DA:14,0
DA:19,0
DA:20,0
DA:25,0
DA:30,0
DA:31,0
DA:36,0
DA:38,0
DA:40,0
DA:41,0
DA:42,0
DA:44,0
DA:46,0
DA:47,0
DA:58,0
DA:63,0
DA:66,0
DA:67,0
DA:68,0
DA:69,0
DA:71,0
DA:92,0
DA:93,0
DA:96,0
DA:97,0
DA:100,0
DA:102,0
DA:129,0
DA:130,0
DA:131,0
DA:134,0
DA:136,0
DA:137,0
DA:139,0
DA:142,0
DA:146,0
DA:147,0
DA:148,0
DA:149,0
DA:150,0
DA:151,0
DA:154,0
DA:156,0
DA:159,3
LF:47
LH:2
BRDA:19,0,0,0
BRDA:19,0,1,0
BRDA:20,1,0,0
BRDA:20,1,1,0
BRDA:30,2,0,0
BRDA:30,2,1,0
BRDA:31,3,0,0
BRDA:31,3,1,0
BRDA:46,4,0,0
BRDA:46,4,1,0
BRDA:46,5,0,0
BRDA:46,5,1,0
BRDA:67,6,0,0
BRDA:67,6,1,0
BRDA:68,7,0,0
BRDA:68,7,1,0
BRDA:69,8,0,0
BRDA:69,8,1,0
BRDA:90,9,0,0
BRDA:130,10,0,0
BRDA:130,10,1,0
BRDA:137,11,0,0
BRDA:137,11,1,0
BRDA:139,12,0,0
BRDA:139,12,1,0
BRDA:139,13,0,0
BRDA:139,13,1,0
BRDA:149,14,0,0
BRDA:149,14,1,0
BRDA:150,15,0,0
BRDA:150,15,1,0
BRF:31
BRH:0
end_of_record
TN:
SF:src\models\event.model.js
FN:6,getAllEvents
FN:22,getUpcomingEvents
FN:43,getEventById
FN:61,createEvent
FN:97,updateEvent
FN:116,deleteEvent
FN:130,upsertEventDetails
FN:162,getSignupCount
FN:176,addSignup
FN:189,removeSignup
FN:204,getFeedbackByEvent
FN:220,getFeedbackStats
FN:232,(anonymous_12)
FN:237,(anonymous_13)
FNF:14
FNH:9
FNDA:3,getAllEvents
FNDA:2,getUpcomingEvents
FNDA:2,getEventById
FNDA:0,createEvent
FNDA:0,updateEvent
FNDA:0,deleteEvent
FNDA:0,upsertEventDetails
FNDA:2,getSignupCount
FNDA:3,addSignup
FNDA:3,removeSignup
FNDA:0,getFeedbackByEvent
FNDA:4,getFeedbackStats
FNDA:6,(anonymous_12)
FNDA:6,(anonymous_13)
DA:1,10
DA:6,10
DA:7,3
DA:12,3
DA:13,1
DA:14,1
DA:16,2
DA:22,10
DA:23,2
DA:27,2
DA:33,2
DA:34,0
DA:35,0
DA:37,2
DA:43,10
DA:44,2
DA:50,2
DA:51,1
DA:52,1
DA:55,1
DA:61,10
DA:62,0
DA:86,0
DA:87,0
DA:88,0
DA:91,0
DA:97,10
DA:98,0
DA:105,0
DA:106,0
DA:107,0
DA:110,0
DA:116,10
DA:117,0
DA:122,0
DA:123,0
DA:124,0
DA:127,0
DA:130,10
DA:134,0
DA:140,0
DA:141,0
DA:148,0
DA:149,0
DA:152,0
DA:158,0
DA:159,0
DA:162,10
DA:163,2
DA:168,2
DA:169,0
DA:170,0
DA:173,2
DA:176,10
DA:177,3
DA:181,3
DA:182,1
DA:183,1
DA:186,2
DA:189,10
DA:190,3
DA:196,2
DA:197,1
DA:198,1
DA:201,1
DA:204,10
DA:205,0
DA:216,0
DA:217,0
DA:220,10
DA:221,4
DA:226,4
DA:228,4
DA:229,4
DA:232,6
DA:233,2
DA:236,2
DA:237,2
DA:238,6
DA:241,2
LF:80
LH:50
BRDA:12,0,0,1
BRDA:12,0,1,2
BRDA:16,1,0,2
BRDA:16,1,1,0
BRDA:33,2,0,0
BRDA:33,2,1,2
BRDA:37,3,0,2
BRDA:37,3,1,0
BRDA:50,4,0,1
BRDA:50,4,1,1
BRDA:67,5,0,0
BRDA:67,5,1,0
BRDA:70,6,0,0
BRDA:70,6,1,0
BRDA:71,7,0,0
BRDA:71,7,1,0
BRDA:74,8,0,0
BRDA:74,8,1,0
BRDA:76,9,0,0
BRDA:76,9,1,0
BRDA:78,10,0,0
BRDA:78,10,1,0
BRDA:79,11,0,0
BRDA:79,11,1,0
BRDA:80,12,0,0
BRDA:80,12,1,0
BRDA:86,13,0,0
BRDA:86,13,1,0
BRDA:105,14,0,0
BRDA:105,14,1,0
BRDA:122,15,0,0
BRDA:122,15,1,0
BRDA:140,16,0,0
BRDA:140,16,1,0
BRDA:148,17,0,0
BRDA:148,17,1,0
BRDA:158,18,0,0
BRDA:158,18,1,0
BRDA:168,19,0,0
BRDA:168,19,1,2
BRDA:173,20,0,2
BRDA:173,20,1,1
BRDA:181,21,0,1
BRDA:181,21,1,2
BRDA:196,22,0,1
BRDA:196,22,1,1
BRDA:216,23,0,0
BRDA:216,23,1,0
BRDA:226,24,0,0
BRDA:226,24,1,4
BRDA:229,25,0,2
BRDA:229,25,1,2
BRDA:238,26,0,6
BRDA:238,26,1,4
BRF:54
BRH:19
end_of_record
TN:
SF:src\models\messenger.model.js
FN:4,dmKey
FN:11,getUserProfileBasic
FN:22,getUserCcaMemberships
FN:32,userHasCcaAccess
FN:44,usersShareAnyCca
FN:52,(anonymous_5)
FN:62,(anonymous_6)
FN:65,teacherCanDmStudent
FN:76,(anonymous_8)
FN:77,(anonymous_9)
FN:88,(anonymous_10)
FN:89,(anonymous_11)
FN:93,ensureCcaGroupConversation
FN:123,ensureMember
FN:148,openOrCreateDm
FN:171,listUserConversations
FN:185,(anonymous_16)
FN:192,getConversationMembers
FN:202,userIsMemberOfConversation
FN:215,getMessages
FN:242,insertMessage
FN:261,markRead
FN:274,countUnread
FN:289,getLatestMessagePreview
FN:302,searchConversationMessages
FN:318,softDeleteMessage
FN:333,getMessageById
FN:344,setPinned
FN:360,getPinned
FN:384,reportMessage
FN:400,searchUsers
FN:413,getAnySharedCcaId
FN:420,(anonymous_32)
FN:429,(anonymous_33)
FN:433,countRecentDmRequests
FN:446,createDmRequest
FN:466,listDmRequestsInbox
FN:482,getDmRequestById
FN:493,respondDmRequest
FN:512,unpin
FN:523,getCcaStaff
FN:533,createModerationCase
FN:562,listModerationInboxForStaff
FN:577,(anonymous_43)
FN:631,getActiveSuspension
FN:651,countRecentWarnings
FN:667,issueWarning
FN:682,suspendUser
FN:707,resolveModerationCase
FN:732,isUserSuspended
FN:737,liftSuspension
FN:760,(anonymous_51)
FN:788,getGlobalModerators
FN:799,isGlobalModerator
FNF:54
FNH:22
FNDA:0,dmKey
FNDA:11,getUserProfileBasic
FNDA:3,getUserCcaMemberships
FNDA:5,userHasCcaAccess
FNDA:0,usersShareAnyCca
FNDA:0,(anonymous_5)
FNDA:0,(anonymous_6)
FNDA:0,teacherCanDmStudent
FNDA:0,(anonymous_8)
FNDA:0,(anonymous_9)
FNDA:0,(anonymous_10)
FNDA:0,(anonymous_11)
FNDA:0,ensureCcaGroupConversation
FNDA:0,ensureMember
FNDA:0,openOrCreateDm
FNDA:3,listUserConversations
FNDA:1,(anonymous_16)
FNDA:1,getConversationMembers
FNDA:12,userIsMemberOfConversation
FNDA:2,getMessages
FNDA:2,insertMessage
FNDA:0,markRead
FNDA:1,countUnread
FNDA:1,getLatestMessagePreview
FNDA:0,searchConversationMessages
FNDA:0,softDeleteMessage
FNDA:5,getMessageById
FNDA:1,setPinned
FNDA:0,getPinned
FNDA:1,reportMessage
FNDA:0,searchUsers
FNDA:0,getAnySharedCcaId
FNDA:0,(anonymous_32)
FNDA:0,(anonymous_33)
FNDA:0,countRecentDmRequests
FNDA:0,createDmRequest
FNDA:0,listDmRequestsInbox
FNDA:0,getDmRequestById
FNDA:0,respondDmRequest
FNDA:1,unpin
FNDA:1,getCcaStaff
FNDA:1,createModerationCase
FNDA:0,listModerationInboxForStaff
FNDA:0,(anonymous_43)
FNDA:7,getActiveSuspension
FNDA:0,countRecentWarnings
FNDA:0,issueWarning
FNDA:0,suspendUser
FNDA:2,resolveModerationCase
FNDA:0,isUserSuspended
FNDA:2,liftSuspension
FNDA:1,(anonymous_51)
FNDA:0,getGlobalModerators
FNDA:4,isGlobalModerator
DA:1,4
DA:5,0
DA:6,0
DA:7,0
DA:12,11
DA:18,11
DA:19,11
DA:23,3
DA:28,3
DA:29,3
DA:33,5
DA:40,5
DA:41,5
DA:46,0
DA:50,0
DA:52,0
DA:53,0
DA:56,0
DA:60,0
DA:62,0
DA:68,0
DA:73,0
DA:75,0
DA:76,0
DA:77,0
DA:79,0
DA:81,0
DA:86,0
DA:88,0
DA:89,0
DA:94,0
DA:101,0
DA:102,0
DA:105,0
DA:111,0
DA:113,0
DA:119,0
DA:120,0
DA:124,0
DA:131,0
DA:132,0
DA:134,0
DA:144,0
DA:145,0
DA:149,0
DA:151,0
DA:158,0
DA:159,0
DA:161,0
DA:167,0
DA:168,0
DA:172,3
DA:184,3
DA:185,2
DA:193,1
DA:198,1
DA:199,1
DA:203,12
DA:210,12
DA:211,12
DA:216,2
DA:233,2
DA:235,2
DA:236,2
DA:239,1
DA:243,2
DA:251,2
DA:257,2
DA:258,2
DA:262,0
DA:270,0
DA:271,0
DA:275,1
DA:282,1
DA:284,1
DA:285,1
DA:286,1
DA:290,1
DA:298,1
DA:299,1
DA:304,0
DA:313,0
DA:314,0
DA:319,0
DA:329,0
DA:330,0
DA:334,5
DA:340,5
DA:341,5
DA:345,1
DA:356,1
DA:357,1
DA:361,0
DA:379,0
DA:380,0
DA:385,1
DA:396,1
DA:397,1
DA:401,0
DA:403,0
DA:409,0
DA:410,0
DA:414,0
DA:418,0
DA:420,0
DA:421,0
DA:423,0
DA:427,0
DA:429,0
DA:430,0
DA:434,0
DA:436,0
DA:442,0
DA:443,0
DA:447,0
DA:456,0
DA:462,0
DA:463,0
DA:467,0
DA:478,0
DA:479,0
DA:483,0
DA:489,0
DA:490,0
DA:494,0
DA:496,0
DA:508,0
DA:509,0
DA:513,1
DA:518,1
DA:519,1
DA:524,1
DA:529,1
DA:530,1
DA:542,1
DA:557,1
DA:558,1
DA:563,0
DA:564,0
DA:565,0
DA:567,0
DA:570,0
DA:575,0
DA:577,0
DA:584,0
DA:611,0
DA:612,0
DA:613,0
DA:617,0
DA:620,0
DA:621,0
DA:624,0
DA:625,0
DA:626,0
DA:632,7
DA:634,7
DA:645,7
DA:646,7
DA:652,0
DA:653,0
DA:655,0
DA:662,0
DA:663,0
DA:669,0
DA:671,0
DA:677,0
DA:678,0
DA:683,0
DA:685,0
DA:686,0
DA:688,0
DA:696,0
DA:702,0
DA:703,0
DA:708,2
DA:723,2
DA:726,2
DA:733,0
DA:734,0
DA:738,2
DA:740,2
DA:741,2
DA:743,2
DA:744,2
DA:747,2
DA:754,2
DA:756,2
DA:757,1
DA:760,1
DA:763,1
DA:775,1
DA:777,1
DA:789,0
DA:794,0
DA:795,0
DA:800,4
DA:801,4
DA:810,4
LF:198
LH:77
BRDA:7,0,0,0
BRDA:7,0,1,0
BRDA:18,1,0,0
BRDA:18,1,1,11
BRDA:28,2,0,0
BRDA:28,2,1,3
BRDA:29,3,0,3
BRDA:29,3,1,0
BRDA:40,4,0,0
BRDA:40,4,1,5
BRDA:50,5,0,0
BRDA:50,5,1,0
BRDA:52,6,0,0
BRDA:52,6,1,0
BRDA:53,7,0,0
BRDA:53,7,1,0
BRDA:60,8,0,0
BRDA:60,8,1,0
BRDA:62,9,0,0
BRDA:62,9,1,0
BRDA:73,10,0,0
BRDA:73,10,1,0
BRDA:75,11,0,0
BRDA:75,11,1,0
BRDA:79,12,0,0
BRDA:79,12,1,0
BRDA:86,13,0,0
BRDA:86,13,1,0
BRDA:88,14,0,0
BRDA:88,14,1,0
BRDA:101,15,0,0
BRDA:101,15,1,0
BRDA:102,16,0,0
BRDA:102,16,1,0
BRDA:111,17,0,0
BRDA:111,17,1,0
BRDA:119,18,0,0
BRDA:119,18,1,0
BRDA:123,19,0,0
BRDA:131,20,0,0
BRDA:131,20,1,0
BRDA:132,21,0,0
BRDA:132,21,1,0
BRDA:144,22,0,0
BRDA:144,22,1,0
BRDA:158,23,0,0
BRDA:158,23,1,0
BRDA:159,24,0,0
BRDA:159,24,1,0
BRDA:167,25,0,0
BRDA:167,25,1,0
BRDA:184,26,0,1
BRDA:184,26,1,2
BRDA:185,27,0,2
BRDA:185,27,1,0
BRDA:198,28,0,0
BRDA:198,28,1,1
BRDA:199,29,0,1
BRDA:199,29,1,0
BRDA:210,30,0,0
BRDA:210,30,1,12
BRDA:215,31,0,0
BRDA:233,32,0,0
BRDA:233,32,1,2
BRDA:236,33,0,1
BRDA:236,33,1,1
BRDA:239,34,0,1
BRDA:239,34,1,0
BRDA:242,35,0,0
BRDA:257,36,0,0
BRDA:257,36,1,2
BRDA:270,37,0,0
BRDA:270,37,1,0
BRDA:282,38,0,0
BRDA:282,38,1,1
BRDA:285,39,0,0
BRDA:285,39,1,1
BRDA:286,40,0,1
BRDA:286,40,1,0
BRDA:298,41,0,0
BRDA:298,41,1,1
BRDA:299,42,0,1
BRDA:299,42,1,0
BRDA:299,43,0,1
BRDA:299,43,1,1
BRDA:302,44,0,0
BRDA:313,45,0,0
BRDA:313,45,1,0
BRDA:314,46,0,0
BRDA:314,46,1,0
BRDA:329,47,0,0
BRDA:329,47,1,0
BRDA:340,48,0,0
BRDA:340,48,1,5
BRDA:356,49,0,0
BRDA:356,49,1,1
BRDA:379,50,0,0
BRDA:379,50,1,0
BRDA:380,51,0,0
BRDA:380,51,1,0
BRDA:390,52,0,1
BRDA:390,52,1,0
BRDA:396,53,0,0
BRDA:396,53,1,1
BRDA:400,54,0,0
BRDA:409,55,0,0
BRDA:409,55,1,0
BRDA:410,56,0,0
BRDA:410,56,1,0
BRDA:418,57,0,0
BRDA:418,57,1,0
BRDA:420,58,0,0
BRDA:420,58,1,0
BRDA:421,59,0,0
BRDA:421,59,1,0
BRDA:427,60,0,0
BRDA:427,60,1,0
BRDA:429,61,0,0
BRDA:429,61,1,0
BRDA:430,62,0,0
BRDA:430,62,1,0
BRDA:433,63,0,0
BRDA:442,64,0,0
BRDA:442,64,1,0
BRDA:443,65,0,0
BRDA:443,65,1,0
BRDA:446,66,0,0
BRDA:452,67,0,0
BRDA:452,67,1,0
BRDA:462,68,0,0
BRDA:462,68,1,0
BRDA:466,69,0,0
BRDA:478,70,0,0
BRDA:478,70,1,0
BRDA:479,71,0,0
BRDA:479,71,1,0
BRDA:489,72,0,0
BRDA:489,72,1,0
BRDA:494,73,0,0
BRDA:494,73,1,0
BRDA:508,74,0,0
BRDA:508,74,1,0
BRDA:518,75,0,0
BRDA:518,75,1,1
BRDA:529,76,0,0
BRDA:529,76,1,1
BRDA:530,77,0,1
BRDA:530,77,1,0
BRDA:535,78,0,0
BRDA:547,79,0,1
BRDA:547,79,1,0
BRDA:551,80,0,1
BRDA:551,80,1,0
BRDA:557,81,0,0
BRDA:557,81,1,1
BRDA:562,82,0,0
BRDA:567,83,0,0
BRDA:567,83,1,0
BRDA:567,84,0,0
BRDA:567,84,1,0
BRDA:575,85,0,0
BRDA:575,85,1,0
BRDA:577,86,0,0
BRDA:577,86,1,0
BRDA:611,87,0,0
BRDA:611,87,1,0
BRDA:612,88,0,0
BRDA:612,88,1,0
BRDA:620,89,0,0
BRDA:620,89,1,0
BRDA:625,90,0,0
BRDA:625,90,1,0
BRDA:626,91,0,0
BRDA:626,91,1,0
BRDA:645,92,0,0
BRDA:645,92,1,7
BRDA:646,93,0,7
BRDA:646,93,1,5
BRDA:651,94,0,0
BRDA:662,95,0,0
BRDA:662,95,1,0
BRDA:663,96,0,0
BRDA:663,96,1,0
BRDA:667,97,0,0
BRDA:669,98,0,0
BRDA:669,98,1,0
BRDA:673,99,0,0
BRDA:673,99,1,0
BRDA:677,100,0,0
BRDA:677,100,1,0
BRDA:682,101,0,0
BRDA:691,102,0,0
BRDA:691,102,1,0
BRDA:702,103,0,0
BRDA:702,103,1,0
BRDA:713,104,0,2
BRDA:713,104,1,0
BRDA:714,105,0,2
BRDA:714,105,1,0
BRDA:723,106,0,0
BRDA:723,106,1,2
BRDA:726,107,0,2
BRDA:726,107,1,0
BRDA:743,108,0,2
BRDA:743,108,1,0
BRDA:743,109,0,2
BRDA:743,109,1,0
BRDA:754,110,0,0
BRDA:754,110,1,2
BRDA:756,111,0,1
BRDA:756,111,1,1
BRDA:756,112,0,2
BRDA:756,112,1,2
BRDA:775,113,0,0
BRDA:775,113,1,1
BRDA:779,114,0,1
BRDA:779,114,1,0
BRDA:782,115,0,1
BRDA:782,115,1,0
BRDA:794,116,0,0
BRDA:794,116,1,0
BRDA:795,117,0,0
BRDA:795,117,1,0
BRDA:801,118,0,4
BRDA:801,118,1,0
BRF:225
BRH:50
end_of_record
TN:
SF:src\models\notification.model.js
FN:10,createNotification
FN:38,notifyExcoEventCreated
FN:51,notifyExcoEventEdited
FN:64,notifyUsersEventComingUp
FN:84,(anonymous_4)
FN:85,(anonymous_5)
FN:100,notifyUsersEventConcluded
FN:120,(anonymous_7)
FN:121,(anonymous_8)
FN:136,notifyExcoSignupCount
FNF:10
FNH:9
FNDA:18,createNotification
FNDA:2,notifyExcoEventCreated
FNDA:2,notifyExcoEventEdited
FNDA:4,notifyUsersEventComingUp
FNDA:6,(anonymous_4)
FNDA:1,(anonymous_5)
FNDA:3,notifyUsersEventConcluded
FNDA:2,(anonymous_7)
FNDA:0,(anonymous_8)
FNDA:3,notifyExcoSignupCount
DA:1,6
DA:10,6
DA:11,18
DA:21,18
DA:27,18
DA:28,5
DA:29,5
DA:32,13
DA:38,6
DA:39,2
DA:40,2
DA:41,2
DA:43,1
DA:44,1
DA:51,6
DA:52,2
DA:53,2
DA:54,2
DA:56,1
DA:57,1
DA:64,6
DA:65,4
DA:67,4
DA:72,4
DA:73,1
DA:74,1
DA:77,3
DA:78,1
DA:81,2
DA:84,2
DA:85,6
DA:88,2
DA:89,2
DA:90,2
DA:92,0
DA:93,0
DA:100,6
DA:101,3
DA:103,3
DA:108,3
DA:109,1
DA:110,1
DA:113,2
DA:114,1
DA:117,1
DA:120,1
DA:121,2
DA:124,1
DA:125,1
DA:126,1
DA:128,0
DA:129,0
DA:136,6
DA:137,3
DA:138,3
DA:139,3
DA:141,1
DA:142,1
LF:58
LH:54
BRDA:10,0,0,17
BRDA:16,1,0,18
BRDA:16,1,1,17
BRDA:17,2,0,18
BRDA:17,2,1,18
BRDA:18,3,0,18
BRDA:18,3,1,17
BRDA:27,4,0,5
BRDA:27,4,1,13
BRDA:29,5,0,5
BRDA:29,5,1,0
BRDA:32,6,0,13
BRDA:32,6,1,0
BRDA:72,7,0,1
BRDA:72,7,1,3
BRDA:77,8,0,1
BRDA:77,8,1,2
BRDA:77,9,0,3
BRDA:77,9,1,3
BRDA:108,10,0,1
BRDA:108,10,1,2
BRDA:113,11,0,1
BRDA:113,11,1,1
BRDA:113,12,0,2
BRDA:113,12,1,2
BRF:25
BRH:23
end_of_record
TN:
SF:src\models\proposal.model.js
FN:6,getUserProposals
FN:23,getProposalById
FN:40,createProposal
FN:65,updateProposal
FN:86,deleteProposal
FN:102,saveProposalDraft
FNF:6
FNH:6
FNDA:3,getUserProposals
FNDA:3,getProposalById
FNDA:2,createProposal
FNDA:3,updateProposal
FNDA:3,deleteProposal
FNDA:3,saveProposalDraft
DA:1,5
DA:6,5
DA:7,3
DA:13,2
DA:14,0
DA:15,0
DA:17,2
DA:23,5
DA:24,3
DA:30,2
DA:31,1
DA:32,1
DA:34,1
DA:40,5
DA:41,2
DA:55,1
DA:56,0
DA:57,0
DA:59,1
DA:65,5
DA:66,3
DA:76,2
DA:77,0
DA:78,0
DA:80,2
DA:86,5
DA:87,3
DA:92,1
DA:93,0
DA:94,0
DA:96,1
DA:102,5
DA:103,3
DA:114,2
DA:115,0
DA:116,0
DA:118,2
LF:37
LH:27
BRDA:13,0,0,0
BRDA:13,0,1,2
BRDA:17,1,0,2
BRDA:17,1,1,0
BRDA:30,2,0,1
BRDA:30,2,1,1
BRDA:55,3,0,0
BRDA:55,3,1,1
BRDA:76,4,0,0
BRDA:76,4,1,2
BRDA:92,5,0,0
BRDA:92,5,1,1
BRDA:114,6,0,0
BRDA:114,6,1,2
BRF:14
BRH:8
end_of_record
TN:
SF:src\models\supabaseClient.js
FNF:0
FNH:0
DA:1,1
DA:3,1
DA:4,1
DA:6,1
DA:8,1
LF:5
LH:5
BRDA:3,0,0,1
BRDA:3,0,1,1
BRDA:4,1,0,1
BRDA:4,1,1,1
BRF:4
BRH:4
end_of_record
TN:
SF:src\models\waitlist.model.js
FN:10,addUserToWaitlist
FN:34,getWaitlistEntry
FN:49,getWaitlistForEvent
FN:63,removeUserFromWaitlist
FN:77,removeWaitlistEntry
FN:90,deleteWaitlistById
FN:97,getWaitlistEntryById
FN:111,getNextUnofferedCandidate
FN:128,markPromotionOffered
FN:147,markPromotionAccepted
FN:162,getActivePromotionForUser
FN:182,clearExpiredPromotionsForEvent
FN:200,clearPromotion
FN:219,getWaitlistWithUserInfo
FN:237,(anonymous_14)
FN:247,(anonymous_15)
FN:249,(anonymous_16)
FN:259,getExpiredPromotions
FN:276,autoPromoteNext
FNF:19
FNH:0
FNDA:0,addUserToWaitlist
FNDA:0,getWaitlistEntry
FNDA:0,getWaitlistForEvent
FNDA:0,removeUserFromWaitlist
FNDA:0,removeWaitlistEntry
FNDA:0,deleteWaitlistById
FNDA:0,getWaitlistEntryById
FNDA:0,getNextUnofferedCandidate
FNDA:0,markPromotionOffered
FNDA:0,markPromotionAccepted
FNDA:0,getActivePromotionForUser
FNDA:0,clearExpiredPromotionsForEvent
FNDA:0,clearPromotion
FNDA:0,getWaitlistWithUserInfo
FNDA:0,(anonymous_14)
FNDA:0,(anonymous_15)
FNDA:0,(anonymous_16)
FNDA:0,getExpiredPromotions
FNDA:0,autoPromoteNext
DA:5,3
DA:11,0
DA:18,0
DA:19,0
DA:21,0
DA:27,0
DA:28,0
DA:35,0
DA:42,0
DA:43,0
DA:50,0
DA:56,0
DA:57,0
DA:64,0
DA:70,0
DA:71,0
DA:78,0
DA:83,0
DA:84,0
DA:91,0
DA:98,0
DA:104,0
DA:105,0
DA:112,0
DA:121,0
DA:122,0
DA:129,0
DA:140,0
DA:141,0
DA:148,0
DA:155,0
DA:156,0
DA:163,0
DA:165,0
DA:175,0
DA:176,0
DA:183,0
DA:185,0
DA:193,0
DA:194,0
DA:201,0
DA:212,0
DA:213,0
DA:220,0
DA:226,0
DA:229,0
DA:235,0
DA:237,0
DA:239,0
DA:241,0
DA:246,0
DA:247,0
DA:249,0
DA:260,0
DA:262,0
DA:269,0
DA:270,0
DA:278,0
DA:279,0
DA:282,0
DA:285,0
DA:288,0
DA:289,0
DA:295,0
DA:304,0
DA:307,0
DA:313,3
LF:67
LH:2
BRDA:18,0,0,0
BRDA:18,0,1,0
BRDA:19,1,0,0
BRDA:19,1,1,0
BRDA:27,2,0,0
BRDA:27,2,1,0
BRDA:42,3,0,0
BRDA:42,3,1,0
BRDA:56,4,0,0
BRDA:56,4,1,0
BRDA:57,5,0,0
BRDA:57,5,1,0
BRDA:70,6,0,0
BRDA:70,6,1,0
BRDA:83,7,0,0
BRDA:83,7,1,0
BRDA:104,8,0,0
BRDA:104,8,1,0
BRDA:121,9,0,0
BRDA:121,9,1,0
BRDA:140,10,0,0
BRDA:140,10,1,0
BRDA:155,11,0,0
BRDA:155,11,1,0
BRDA:175,12,0,0
BRDA:175,12,1,0
BRDA:193,13,0,0
BRDA:193,13,1,0
BRDA:212,14,0,0
BRDA:212,14,1,0
BRDA:226,15,0,0
BRDA:226,15,1,0
BRDA:226,16,0,0
BRDA:226,16,1,0
BRDA:235,17,0,0
BRDA:235,17,1,0
BRDA:235,18,0,0
BRDA:235,18,1,0
BRDA:239,19,0,0
BRDA:239,19,1,0
BRDA:247,20,0,0
BRDA:247,20,1,0
BRDA:251,21,0,0
BRDA:251,21,1,0
BRDA:252,22,0,0
BRDA:252,22,1,0
BRDA:269,23,0,0
BRDA:269,23,1,0
BRDA:270,24,0,0
BRDA:270,24,1,0
BRDA:279,25,0,0
BRDA:279,25,1,0
BRDA:298,26,0,0
BRDA:298,26,1,0
BRF:54
BRH:0
end_of_record
TN:
SF:src\routers\Event.router.js
FNF:0
FNH:0
DA:1,4
DA:2,4
DA:3,4
DA:4,4
DA:7,4
DA:13,4
DA:23,4
DA:26,4
DA:29,4
DA:32,4
DA:35,4
DA:38,4
DA:41,4
DA:50,4
DA:51,4
DA:56,4
DA:57,4
DA:59,4
LF:18
LH:18
BRF:0
BRH:0
end_of_record
TN:
SF:src\routers\analytics.router.js
FNF:0
FNH:0
DA:2,4
DA:3,4
DA:5,4
DA:8,4
DA:9,4
DA:10,4
DA:11,4
DA:12,4
DA:14,4
LF:9
LH:9
BRF:0
BRH:0
end_of_record
TN:
SF:src\routers\attendance.router.js
FNF:0
FNH:0
DA:1,4
DA:2,4
DA:4,4
DA:5,4
DA:7,4
LF:5
LH:5
BRF:0
BRH:0
end_of_record
TN:
SF:src\routers\auth.router.js
FNF:0
FNH:0
DA:1,4
DA:2,4
DA:3,4
DA:5,4
DA:6,4
DA:7,4
DA:8,4
DA:9,4
DA:10,4
DA:12,4
LF:10
LH:10
BRF:0
BRH:0
end_of_record
TN:
SF:src\routers\chatbot.router.js
FNF:0
FNH:0
DA:1,4
DA:2,4
DA:4,4
DA:6,4
DA:8,4
LF:5
LH:5
BRF:0
BRH:0
end_of_record
TN:
SF:src\routers\engagement.router.js
FNF:0
FNH:0
DA:2,4
DA:3,4
DA:4,4
DA:7,4
DA:10,4
DA:12,4
LF:6
LH:6
BRF:0
BRH:0
end_of_record
TN:
SF:src\routers\event-command.router.js
FN:23,(anonymous_0)
FN:37,(anonymous_1)
FN:102,(anonymous_2)
FN:120,(anonymous_3)
FN:132,(anonymous_4)
FN:136,(anonymous_5)
FN:140,(anonymous_6)
FN:148,(anonymous_7)
FN:170,fallbackParticipants
FN:187,(anonymous_9)
FN:200,(anonymous_10)
FN:208,(anonymous_11)
FN:230,(anonymous_12)
FN:261,(anonymous_13)
FN:320,(anonymous_14)
FN:343,(anonymous_15)
FN:359,(anonymous_16)
FN:392,(anonymous_17)
FNF:18
FNH:0
FNDA:0,(anonymous_0)
FNDA:0,(anonymous_1)
FNDA:0,(anonymous_2)
FNDA:0,(anonymous_3)
FNDA:0,(anonymous_4)
FNDA:0,(anonymous_5)
FNDA:0,(anonymous_6)
FNDA:0,(anonymous_7)
FNDA:0,fallbackParticipants
FNDA:0,(anonymous_9)
FNDA:0,(anonymous_10)
FNDA:0,(anonymous_11)
FNDA:0,(anonymous_12)
FNDA:0,(anonymous_13)
FNDA:0,(anonymous_14)
FNDA:0,(anonymous_15)
FNDA:0,(anonymous_16)
FNDA:0,(anonymous_17)
DA:2,4
DA:3,4
DA:4,4
DA:5,4
DA:8,4
DA:9,4
DA:14,4
DA:23,4
DA:24,0
DA:31,0
DA:37,4
DA:38,0
DA:39,0
DA:41,0
DA:42,0
DA:43,0
DA:46,0
DA:50,0
DA:52,0
DA:67,0
DA:68,0
DA:71,0
DA:74,0
DA:77,0
DA:96,0
DA:97,0
DA:98,0
DA:102,0
DA:103,0
DA:104,0
DA:119,0
DA:120,0
DA:122,0
DA:124,0
DA:125,0
DA:131,0
DA:132,0
DA:136,0
DA:137,0
DA:140,0
DA:141,0
DA:142,0
DA:143,0
DA:144,0
DA:147,0
DA:148,0
DA:150,0
DA:161,0
DA:162,0
DA:171,0
DA:172,0
DA:185,0
DA:187,0
DA:200,0
DA:201,0
DA:202,0
DA:203,0
DA:204,0
DA:207,0
DA:208,0
DA:210,0
DA:222,0
DA:223,0
DA:230,4
DA:231,0
DA:232,0
DA:234,0
DA:235,0
DA:237,0
DA:238,0
DA:246,0
DA:247,0
DA:249,0
DA:261,0
DA:262,0
DA:263,0
DA:272,0
DA:273,0
DA:274,0
DA:276,0
DA:277,0
DA:278,0
DA:281,0
DA:286,0
DA:287,0
DA:292,0
DA:298,0
DA:300,0
DA:304,0
DA:305,0
DA:306,0
DA:307,0
DA:310,0
DA:312,0
DA:316,0
DA:319,0
DA:320,0
DA:321,0
DA:322,0
DA:323,0
DA:325,0
DA:329,0
DA:332,0
DA:334,0
DA:335,0
DA:336,0
DA:343,4
DA:344,0
DA:345,0
DA:347,0
DA:348,0
DA:351,0
DA:355,0
DA:357,0
DA:359,0
DA:361,0
DA:362,0
DA:365,0
DA:381,0
DA:382,0
DA:386,0
DA:389,0
DA:390,0
DA:392,0
DA:393,0
DA:394,0
DA:395,0
DA:397,0
DA:402,0
DA:407,0
DA:415,0
DA:416,0
DA:422,4
DA:424,4
LF:134
LH:13
BRDA:31,0,0,0
BRDA:31,0,1,0
BRDA:41,1,0,0
BRDA:41,1,1,0
BRDA:67,2,0,0
BRDA:67,2,1,0
BRDA:67,3,0,0
BRDA:67,3,1,0
BRDA:69,4,0,0
BRDA:69,4,1,0
BRDA:96,5,0,0
BRDA:96,5,1,0
BRDA:103,6,0,0
BRDA:103,6,1,0
BRDA:107,7,0,0
BRDA:107,7,1,0
BRDA:108,8,0,0
BRDA:108,8,1,0
BRDA:109,9,0,0
BRDA:109,9,1,0
BRDA:111,10,0,0
BRDA:111,10,1,0
BRDA:124,11,0,0
BRDA:124,11,1,0
BRDA:124,12,0,0
BRDA:124,12,1,0
BRDA:131,13,0,0
BRDA:131,13,1,0
BRDA:131,14,0,0
BRDA:131,14,1,0
BRDA:137,15,0,0
BRDA:137,15,1,0
BRDA:143,16,0,0
BRDA:143,16,1,0
BRDA:144,17,0,0
BRDA:144,17,1,0
BRDA:144,18,0,0
BRDA:144,18,1,0
BRDA:156,19,0,0
BRDA:156,19,1,0
BRDA:157,20,0,0
BRDA:157,20,1,0
BRDA:185,21,0,0
BRDA:185,21,1,0
BRDA:194,22,0,0
BRDA:194,22,1,0
BRDA:203,23,0,0
BRDA:203,23,1,0
BRDA:204,24,0,0
BRDA:204,24,1,0
BRDA:204,25,0,0
BRDA:204,25,1,0
BRDA:216,26,0,0
BRDA:216,26,1,0
BRDA:217,27,0,0
BRDA:217,27,1,0
BRDA:234,28,0,0
BRDA:234,28,1,0
BRDA:246,29,0,0
BRDA:246,29,1,0
BRDA:246,30,0,0
BRDA:246,30,1,0
BRDA:261,31,0,0
BRDA:261,31,1,0
BRDA:262,32,0,0
BRDA:262,32,1,0
BRDA:264,33,0,0
BRDA:264,33,1,0
BRDA:265,34,0,0
BRDA:265,34,1,0
BRDA:266,35,0,0
BRDA:266,35,1,0
BRDA:267,36,0,0
BRDA:267,36,1,0
BRDA:321,37,0,0
BRDA:321,37,1,0
BRDA:335,38,0,0
BRDA:335,38,1,0
BRDA:345,39,0,0
BRDA:345,40,0,0
BRDA:345,41,0,0
BRDA:347,42,0,0
BRDA:347,42,1,0
BRDA:347,43,0,0
BRDA:347,43,1,0
BRDA:361,44,0,0
BRDA:361,44,1,0
BRDA:361,45,0,0
BRDA:361,45,1,0
BRDA:394,46,0,0
BRDA:394,46,1,0
BRDA:400,47,0,0
BRDA:400,47,1,0
BRF:93
BRH:0
end_of_record
TN:
SF:src\routers\messenger.router.js
FNF:0
FNH:0
DA:1,4
DA:2,4
DA:4,4
DA:7,4
DA:14,4
DA:17,4
DA:20,4
DA:26,4
DA:27,4
DA:28,4
DA:35,4
DA:41,4
DA:48,4
DA:54,4
DA:64,4
DA:70,4
DA:75,4
DA:81,4
DA:87,4
DA:96,4
DA:101,4
DA:111,4
DA:120,4
DA:125,4
LF:24
LH:24
BRF:0
BRH:0
end_of_record
TN:
SF:src\routers\notification.router.js
FN:11,(anonymous_0)
FN:47,(anonymous_1)
FN:90,(anonymous_2)
FN:125,(anonymous_3)
FN:178,(anonymous_4)
FNF:5
FNH:0
FNDA:0,(anonymous_0)
FNDA:0,(anonymous_1)
FNDA:0,(anonymous_2)
FNDA:0,(anonymous_3)
FNDA:0,(anonymous_4)
DA:1,4
DA:2,4
DA:3,4
DA:5,4
DA:6,4
DA:11,4
DA:12,0
DA:13,0
DA:14,0
DA:17,0
DA:18,0
DA:20,0
DA:23,0
DA:25,0
DA:32,0
DA:33,0
DA:34,0
DA:37,0
DA:39,0
DA:40,0
DA:47,4
DA:48,0
DA:49,0
DA:50,0
DA:53,0
DA:54,0
DA:56,0
DA:59,0
DA:60,0
DA:61,0
DA:63,0
DA:70,0
DA:71,0
DA:72,0
DA:75,0
DA:82,0
DA:83,0
DA:90,4
DA:91,0
DA:92,0
DA:93,0
DA:96,0
DA:97,0
DA:99,0
DA:102,0
DA:104,0
DA:110,0
DA:111,0
DA:112,0
DA:115,0
DA:117,0
DA:118,0
DA:125,4
DA:126,0
DA:127,0
DA:128,0
DA:131,0
DA:132,0
DA:134,0
DA:137,0
DA:138,0
DA:141,0
DA:147,0
DA:148,0
DA:151,0
DA:152,0
DA:156,0
DA:163,0
DA:164,0
DA:165,0
DA:168,0
DA:170,0
DA:171,0
DA:178,4
DA:179,0
DA:180,0
DA:181,0
DA:184,0
DA:185,0
DA:187,0
DA:190,0
DA:192,0
DA:198,0
DA:199,0
DA:200,0
DA:203,0
DA:205,0
DA:206,0
DA:210,4
LF:89
LH:11
BRDA:6,0,0,4
BRDA:6,0,1,0
BRDA:14,1,0,0
BRDA:14,1,1,0
BRDA:32,2,0,0
BRDA:32,2,1,0
BRDA:37,3,0,0
BRDA:37,3,1,0
BRDA:50,4,0,0
BRDA:50,4,1,0
BRDA:60,5,0,0
BRDA:60,5,1,0
BRDA:61,6,0,0
BRDA:61,6,1,0
BRDA:70,7,0,0
BRDA:70,7,1,0
BRDA:76,8,0,0
BRDA:76,8,1,0
BRDA:77,9,0,0
BRDA:77,9,1,0
BRDA:93,10,0,0
BRDA:93,10,1,0
BRDA:110,11,0,0
BRDA:110,11,1,0
BRDA:115,12,0,0
BRDA:115,12,1,0
BRDA:128,13,0,0
BRDA:128,13,1,0
BRDA:147,14,0,0
BRDA:147,14,1,0
BRDA:147,15,0,0
BRDA:147,15,1,0
BRDA:151,16,0,0
BRDA:151,16,1,0
BRDA:163,17,0,0
BRDA:163,17,1,0
BRDA:181,18,0,0
BRDA:181,18,1,0
BRDA:198,19,0,0
BRDA:198,19,1,0
BRF:40
BRH:1
end_of_record
TN:
SF:src\routers\proposal.router.js
FNF:0
FNH:0
DA:1,4
DA:2,4
DA:3,4
DA:10,4
DA:13,4
DA:16,4
DA:19,4
DA:22,4
DA:25,4
DA:28,4
DA:31,4
DA:33,4
LF:12
LH:12
BRF:0
BRH:0
end_of_record
TN:
SF:src\routers\waitlist.router.js
FNF:0
FNH:0
DA:3,4
DA:4,4
DA:5,4
DA:12,4
DA:15,4
DA:18,4
DA:21,4
DA:24,4
DA:31,4
DA:34,4
DA:37,4
DA:40,4
LF:12
LH:12
BRF:0
BRH:0
end_of_record
